2026-05-08 22:41:18 | INFO     | trading_bot | Logging initialised. Log file: C:\Users\shail\OneDrive\Documents\Primetrade\trading_bot\trading_bot.log
2026-05-08 22:44:16 | INFO     | trading_bot | Logging initialised. Log file: C:\Users\shail\OneDrive\Documents\Primetrade\trading_bot\trading_bot.log
2026-05-08 22:44:16 | DEBUG    | trading_bot | Symbol validated: BTCUSDT
2026-05-08 22:44:16 | DEBUG    | trading_bot | Side validated: BUY
2026-05-08 22:44:16 | DEBUG    | trading_bot | Order type validated: MARKET
2026-05-08 22:44:16 | DEBUG    | trading_bot | Quantity validated: 0.001
2026-05-08 22:44:16 | INFO     | trading_bot | All inputs validated successfully: {'symbol': 'BTCUSDT', 'side': 'BUY', 'order_type': 'MARKET', 'quantity': 0.001, 'price': None}
2026-05-08 22:44:16 | DEBUG    | trading_bot | Built order params: {'symbol': 'BTCUSDT', 'side': 'BUY', 'type': 'MARKET', 'quantity': 0.001}
2026-05-08 22:44:16 | INFO     | trading_bot | Placing BUY MARKET order | symbol=BTCUSDT | qty=0.001 | price=None
2026-05-08 22:44:16 | CRITICAL | trading_bot | BINANCE_API_KEY and BINANCE_SECRET_KEY environment variables must be set. Export them before running the bot:
  Windows (PowerShell): $env:BINANCE_API_KEY='your_key'
  Linux / macOS:        export BINANCE_API_KEY='your_key'
2026-05-08 22:44:16 | ERROR    | trading_bot | BINANCE_API_KEY and BINANCE_SECRET_KEY environment variables must be set. Export them before running the bot:
  Windows (PowerShell): $env:BINANCE_API_KEY='your_key'
  Linux / macOS:        export BINANCE_API_KEY='your_key'
2026-05-08 22:44:33 | INFO     | trading_bot | Logging initialised. Log file: C:\Users\shail\OneDrive\Documents\Primetrade\trading_bot\trading_bot.log
2026-05-08 22:44:34 | DEBUG    | trading_bot | Symbol validated: BTCUSDT
2026-05-08 22:44:34 | DEBUG    | trading_bot | Side validated: BUY
2026-05-08 22:44:34 | DEBUG    | trading_bot | Order type validated: MARKET
2026-05-08 22:44:34 | DEBUG    | trading_bot | Quantity validated: 0.001
2026-05-08 22:44:34 | INFO     | trading_bot | All inputs validated successfully: {'symbol': 'BTCUSDT', 'side': 'BUY', 'order_type': 'MARKET', 'quantity': 0.001, 'price': None}
2026-05-08 22:44:34 | DEBUG    | trading_bot | Built order params: {'symbol': 'BTCUSDT', 'side': 'BUY', 'type': 'MARKET', 'quantity': 0.001}
2026-05-08 22:44:34 | INFO     | trading_bot | Placing BUY MARKET order | symbol=BTCUSDT | qty=0.001 | price=None
2026-05-08 22:44:34 | INFO     | trading_bot | Initialising Binance Futures Testnet client (key ends …_KEY).
2026-05-08 22:44:34 | INFO     | trading_bot | Connected to Futures Testnet. Server time: {'serverTime': 1778260474385}
2026-05-08 22:44:34 | ERROR    | trading_bot | Binance API error: API-key format invalid. (code: -2014, status: 401)
2026-05-08 23:11:18 | INFO     | trading_bot | Logging initialised. Log file: C:\Users\shail\OneDrive\Documents\Primetrade\trading_bot\trading_bot.log
2026-05-08 23:11:18 | INFO     | trading_bot | Starting Primetrade web UI on http://0.0.0.0:5000 (debug=False)
2026-05-08 23:11:47 | INFO     | trading_bot | GET / — rendering order form
2026-05-08 23:50:23 | INFO     | trading_bot | POST /place — form data: {'symbol': 'BTCUSDT', 'side': 'SELL', 'order_type': 'MARKET', 'quantity': '2', 'price': None}
2026-05-08 23:50:23 | DEBUG    | trading_bot | Symbol validated: BTCUSDT
2026-05-08 23:50:23 | DEBUG    | trading_bot | Side validated: SELL
2026-05-08 23:50:23 | DEBUG    | trading_bot | Order type validated: MARKET
2026-05-08 23:50:23 | DEBUG    | trading_bot | Quantity validated: 2.0
2026-05-08 23:50:23 | INFO     | trading_bot | All inputs validated successfully: {'symbol': 'BTCUSDT', 'side': 'SELL', 'order_type': 'MARKET', 'quantity': 2.0, 'price': None}
2026-05-08 23:50:23 | DEBUG    | trading_bot | Built order params: {'symbol': 'BTCUSDT', 'side': 'SELL', 'type': 'MARKET', 'quantity': 2.0}
2026-05-08 23:50:23 | INFO     | trading_bot | Placing SELL MARKET order | symbol=BTCUSDT | qty=2.0 | price=None
2026-05-08 23:50:23 | INFO     | trading_bot | Initialising Binance Futures Testnet client (key ends …_KEY).
2026-05-08 23:50:24 | INFO     | trading_bot | Connected to Futures Testnet. Server time: {'serverTime': 1778264424025}
2026-05-08 23:50:24 | ERROR    | trading_bot | Binance API error: API-key format invalid. (code: -2014, status: 401)
2026-05-09 00:24:37 | INFO     | trading_bot | Logging initialised. Log file: C:\Users\shail\OneDrive\Documents\Primetrade\trading_bot\trading_bot.log
2026-05-09 00:24:45 | INFO     | trading_bot | Logging initialised. Log file: C:\Users\shail\OneDrive\Documents\Primetrade\trading_bot\trading_bot.log
2026-05-09 00:25:30 | INFO     | trading_bot | Logging initialised. Log file: C:\Users\shail\OneDrive\Documents\Primetrade\trading_bot\trading_bot.log
2026-05-09 00:25:31 | DEBUG    | trading_bot | Symbol validated: BTCUSDT
2026-05-09 00:25:31 | DEBUG    | trading_bot | Side validated: BUY
2026-05-09 00:25:31 | DEBUG    | trading_bot | Order type validated: MARKET
2026-05-09 00:25:31 | DEBUG    | trading_bot | Quantity validated: 0.001
2026-05-09 00:25:31 | INFO     | trading_bot | All inputs validated successfully: {'symbol': 'BTCUSDT', 'side': 'BUY', 'order_type': 'MARKET', 'quantity': 0.001, 'price': None}
2026-05-09 00:25:31 | DEBUG    | trading_bot | Built order params: {'symbol': 'BTCUSDT', 'side': 'BUY', 'type': 'MARKET', 'quantity': 0.001}
2026-05-09 00:25:31 | INFO     | trading_bot | Placing BUY MARKET order | symbol=BTCUSDT | qty=0.001 | price=None
2026-05-09 00:25:31 | INFO     | trading_bot | Initialising Binance Futures Testnet client (key ends …_KEY).
2026-05-09 00:25:31 | INFO     | trading_bot | Connected to Futures Testnet. Server time: {'serverTime': 1778266531706}
2026-05-09 00:25:32 | ERROR    | trading_bot | Binance API error: API-key format invalid. (code: -2014, status: 401)
2026-05-09 00:25:40 | INFO     | trading_bot | Logging initialised. Log file: C:\Users\shail\OneDrive\Documents\Primetrade\trading_bot\trading_bot.log
2026-05-09 00:25:41 | DEBUG    | trading_bot | Symbol validated: BTCUSDT
2026-05-09 00:25:41 | DEBUG    | trading_bot | Side validated: BUY
2026-05-09 00:25:41 | DEBUG    | trading_bot | Order type validated: LIMIT
2026-05-09 00:25:41 | DEBUG    | trading_bot | Quantity validated: 0.001
2026-05-09 00:25:41 | ERROR    | trading_bot | CLI validation error: Price is required for LIMIT orders.
2026-05-09 00:25:50 | INFO     | trading_bot | Logging initialised. Log file: C:\Users\shail\OneDrive\Documents\Primetrade\trading_bot\trading_bot.log
2026-05-09 00:26:01 | INFO     | trading_bot | Logging initialised. Log file: C:\Users\shail\OneDrive\Documents\Primetrade\trading_bot\trading_bot.log
2026-05-09 00:26:01 | DEBUG    | trading_bot | Symbol validated: BTCUSDT
2026-05-09 00:26:01 | DEBUG    | trading_bot | Side validated: BUY
2026-05-09 00:26:01 | DEBUG    | trading_bot | Order type validated: MARKET
2026-05-09 00:26:01 | ERROR    | trading_bot | CLI validation error: Quantity must be greater than zero, got -5.0.
2026-05-09 00:26:10 | INFO     | trading_bot | Logging initialised. Log file: C:\Users\shail\OneDrive\Documents\Primetrade\trading_bot\trading_bot.log
2026-05-09 00:26:10 | ERROR    | trading_bot | CLI validation error: Symbol 'BTC123' contains invalid characters. Expected letters only, e.g. BTCUSDT.
2026-05-09 00:26:18 | INFO     | trading_bot | Logging initialised. Log file: C:\Users\shail\OneDrive\Documents\Primetrade\trading_bot\trading_bot.log
2026-05-09 00:26:19 | DEBUG    | trading_bot | Symbol validated: ETHUSDT
2026-05-09 00:26:19 | DEBUG    | trading_bot | Side validated: SELL
2026-05-09 00:26:19 | DEBUG    | trading_bot | Order type validated: LIMIT
2026-05-09 00:26:19 | DEBUG    | trading_bot | Quantity validated: 0.01
2026-05-09 00:26:19 | DEBUG    | trading_bot | Price validated for LIMIT order: 3200.0
2026-05-09 00:26:19 | INFO     | trading_bot | All inputs validated successfully: {'symbol': 'ETHUSDT', 'side': 'SELL', 'order_type': 'LIMIT', 'quantity': 0.01, 'price': 3200.0}
2026-05-09 00:26:19 | DEBUG    | trading_bot | Built order params: {'symbol': 'ETHUSDT', 'side': 'SELL', 'type': 'LIMIT', 'quantity': 0.01, 'price': 3200.0, 'timeInForce': 'GTC'}
2026-05-09 00:26:19 | INFO     | trading_bot | Placing SELL LIMIT order | symbol=ETHUSDT | qty=0.01 | price=3200.0
2026-05-09 00:26:19 | INFO     | trading_bot | Initialising Binance Futures Testnet client (key ends …_KEY).
2026-05-09 00:26:19 | INFO     | trading_bot | Connected to Futures Testnet. Server time: {'serverTime': 1778266579572}
2026-05-09 00:26:20 | ERROR    | trading_bot | Binance API error: API-key format invalid. (code: -2014, status: 401)
2026-05-09 00:27:00 | INFO     | trading_bot | POST /place — form data: {'symbol': 'BTCUSDT', 'side': 'SELL', 'order_type': 'MARKET', 'quantity': '2', 'price': None}
2026-05-09 00:27:00 | DEBUG    | trading_bot | Symbol validated: BTCUSDT
2026-05-09 00:27:00 | DEBUG    | trading_bot | Side validated: SELL
2026-05-09 00:27:00 | DEBUG    | trading_bot | Order type validated: MARKET
2026-05-09 00:27:00 | DEBUG    | trading_bot | Quantity validated: 2.0
2026-05-09 00:27:00 | INFO     | trading_bot | All inputs validated successfully: {'symbol': 'BTCUSDT', 'side': 'SELL', 'order_type': 'MARKET', 'quantity': 2.0, 'price': None}
2026-05-09 00:27:00 | DEBUG    | trading_bot | Built order params: {'symbol': 'BTCUSDT', 'side': 'SELL', 'type': 'MARKET', 'quantity': 2.0}
2026-05-09 00:27:00 | INFO     | trading_bot | Placing SELL MARKET order | symbol=BTCUSDT | qty=2.0 | price=None
2026-05-09 00:27:00 | ERROR    | trading_bot | Binance API error: API-key format invalid. (code: -2014, status: 401)
2026-05-09 00:27:04 | INFO     | trading_bot | POST /place — form data: {'symbol': 'BTCUSDT', 'side': 'SELL', 'order_type': 'MARKET', 'quantity': '2', 'price': None}
2026-05-09 00:27:04 | DEBUG    | trading_bot | Symbol validated: BTCUSDT
2026-05-09 00:27:04 | DEBUG    | trading_bot | Side validated: SELL
2026-05-09 00:27:04 | DEBUG    | trading_bot | Order type validated: MARKET
2026-05-09 00:27:04 | DEBUG    | trading_bot | Quantity validated: 2.0
2026-05-09 00:27:04 | INFO     | trading_bot | All inputs validated successfully: {'symbol': 'BTCUSDT', 'side': 'SELL', 'order_type': 'MARKET', 'quantity': 2.0, 'price': None}
2026-05-09 00:27:04 | DEBUG    | trading_bot | Built order params: {'symbol': 'BTCUSDT', 'side': 'SELL', 'type': 'MARKET', 'quantity': 2.0}
2026-05-09 00:27:04 | INFO     | trading_bot | Placing SELL MARKET order | symbol=BTCUSDT | qty=2.0 | price=None
2026-05-09 00:27:05 | ERROR    | trading_bot | Binance API error: API-key format invalid. (code: -2014, status: 401)
2026-05-09 00:40:54 | INFO     | trading_bot | POST /place — form data: {'symbol': 'BTCUSDT', 'side': 'SELL', 'order_type': 'MARKET', 'quantity': '2', 'price': None}
2026-05-09 00:40:54 | DEBUG    | trading_bot | Symbol validated: BTCUSDT
2026-05-09 00:40:54 | DEBUG    | trading_bot | Side validated: SELL
2026-05-09 00:40:54 | DEBUG    | trading_bot | Order type validated: MARKET
2026-05-09 00:40:54 | DEBUG    | trading_bot | Quantity validated: 2.0
2026-05-09 00:40:54 | INFO     | trading_bot | All inputs validated successfully: {'symbol': 'BTCUSDT', 'side': 'SELL', 'order_type': 'MARKET', 'quantity': 2.0, 'price': None}
2026-05-09 00:40:54 | DEBUG    | trading_bot | Built order params: {'symbol': 'BTCUSDT', 'side': 'SELL', 'type': 'MARKET', 'quantity': 2.0}
2026-05-09 00:40:54 | INFO     | trading_bot | Placing SELL MARKET order | symbol=BTCUSDT | qty=2.0 | price=None
2026-05-09 00:40:54 | ERROR    | trading_bot | Binance API error: API-key format invalid. (code: -2014, status: 401)
2026-05-09 00:40:58 | INFO     | trading_bot | POST /place — form data: {'symbol': 'BTCUSDT', 'side': 'SELL', 'order_type': 'MARKET', 'quantity': '2.0', 'price': None}
2026-05-09 00:40:58 | DEBUG    | trading_bot | Symbol validated: BTCUSDT
2026-05-09 00:40:58 | DEBUG    | trading_bot | Side validated: SELL
2026-05-09 00:40:58 | DEBUG    | trading_bot | Order type validated: MARKET
2026-05-09 00:40:58 | DEBUG    | trading_bot | Quantity validated: 2.0
2026-05-09 00:40:58 | INFO     | trading_bot | All inputs validated successfully: {'symbol': 'BTCUSDT', 'side': 'SELL', 'order_type': 'MARKET', 'quantity': 2.0, 'price': None}
2026-05-09 00:40:58 | DEBUG    | trading_bot | Built order params: {'symbol': 'BTCUSDT', 'side': 'SELL', 'type': 'MARKET', 'quantity': 2.0}
2026-05-09 00:40:58 | INFO     | trading_bot | Placing SELL MARKET order | symbol=BTCUSDT | qty=2.0 | price=None
2026-05-09 00:40:58 | ERROR    | trading_bot | Binance API error: API-key format invalid. (code: -2014, status: 401)
2026-05-09 00:42:01 | INFO     | trading_bot | Logging initialised. Log file: C:\Users\shail\OneDrive\Documents\Primetrade\trading_bot\trading_bot.log
2026-05-09 00:42:02 | DEBUG    | trading_bot | Symbol validated: BTCUSDT
2026-05-09 00:42:02 | DEBUG    | trading_bot | Side validated: BUY
2026-05-09 00:42:02 | DEBUG    | trading_bot | Order type validated: MARKET
2026-05-09 00:42:02 | DEBUG    | trading_bot | Quantity validated: 0.001
2026-05-09 00:42:02 | INFO     | trading_bot | All inputs validated successfully: {'symbol': 'BTCUSDT', 'side': 'BUY', 'order_type': 'MARKET', 'quantity': 0.001, 'price': None}
2026-05-09 00:42:02 | DEBUG    | trading_bot | Built order params: {'symbol': 'BTCUSDT', 'side': 'BUY', 'type': 'MARKET', 'quantity': 0.001}
2026-05-09 00:42:02 | INFO     | trading_bot | Placing BUY MARKET order | symbol=BTCUSDT | qty=0.001 | price=None
2026-05-09 00:42:02 | INFO     | trading_bot | Initialising Binance Futures Testnet client (key ends …eUiv).
2026-05-09 00:42:02 | INFO     | trading_bot | Connected to Futures Testnet. Server time: {'serverTime': 1778267522593}
2026-05-09 00:42:03 | INFO     | trading_bot | Order response received: {'orderId': 13121515344, 'symbol': 'BTCUSDT', 'status': 'NEW', 'clientOrderId': 'x-Cb7ytekJ9c020117579333565c3ef7', 'price': '0.00', 'avgPrice': '0.00', 'origQty': '0.0010', 'executedQty': '0.0000', 'cumQty': '0.0000', 'cumQuote': '0.000000', 'timeInForce': 'GTC', 'type': 'MARKET', 'reduceOnly': False, 'closePosition': False, 'side': 'BUY', 'positionSide': 'BOTH', 'stopPrice': '0.00', 'workingType': 'CONTRACT_PRICE', 'priceProtect': False, 'origType': 'MARKET', 'priceMatch': 'NONE', 'selfTradePreventionMode': 'EXPIRE_MAKER', 'goodTillDate': 0, 'updateTime': 1778267522841}
2026-05-09 00:42:03 | INFO     | trading_bot | Order placed successfully: orderId=13121515344, status=NEW
2026-05-09 00:43:09 | INFO     | trading_bot | Logging initialised. Log file: C:\Users\shail\OneDrive\Documents\Primetrade\trading_bot\trading_bot.log
2026-05-09 00:43:09 | DEBUG    | trading_bot | Symbol validated: BTCUSDT
2026-05-09 00:43:09 | DEBUG    | trading_bot | Side validated: SELL
2026-05-09 00:43:09 | DEBUG    | trading_bot | Order type validated: MARKET
2026-05-09 00:43:09 | DEBUG    | trading_bot | Quantity validated: 0.001
2026-05-09 00:43:09 | INFO     | trading_bot | All inputs validated successfully: {'symbol': 'BTCUSDT', 'side': 'SELL', 'order_type': 'MARKET', 'quantity': 0.001, 'price': None}
2026-05-09 00:43:09 | DEBUG    | trading_bot | Built order params: {'symbol': 'BTCUSDT', 'side': 'SELL', 'type': 'MARKET', 'quantity': 0.001}
2026-05-09 00:43:09 | INFO     | trading_bot | Placing SELL MARKET order | symbol=BTCUSDT | qty=0.001 | price=None
2026-05-09 00:43:09 | INFO     | trading_bot | Initialising Binance Futures Testnet client (key ends …eUiv).
2026-05-09 00:43:10 | INFO     | trading_bot | Connected to Futures Testnet. Server time: {'serverTime': 1778267590065}
2026-05-09 00:43:10 | INFO     | trading_bot | Order response received: {'orderId': 13121517133, 'symbol': 'BTCUSDT', 'status': 'NEW', 'clientOrderId': 'x-Cb7ytekJ160a03f00264246fe95c96', 'price': '0.00', 'avgPrice': '0.00', 'origQty': '0.0010', 'executedQty': '0.0000', 'cumQty': '0.0000', 'cumQuote': '0.000000', 'timeInForce': 'GTC', 'type': 'MARKET', 'reduceOnly': False, 'closePosition': False, 'side': 'SELL', 'positionSide': 'BOTH', 'stopPrice': '0.00', 'workingType': 'CONTRACT_PRICE', 'priceProtect': False, 'origType': 'MARKET', 'priceMatch': 'NONE', 'selfTradePreventionMode': 'EXPIRE_MAKER', 'goodTillDate': 0, 'updateTime': 1778267590350}
2026-05-09 00:43:10 | INFO     | trading_bot | Order placed successfully: orderId=13121517133, status=NEW
2026-05-09 00:43:17 | INFO     | trading_bot | POST /place — form data: {'symbol': 'BTCUSDT', 'side': 'SELL', 'order_type': 'MARKET', 'quantity': '2.0', 'price': None}
2026-05-09 00:43:17 | DEBUG    | trading_bot | Symbol validated: BTCUSDT
2026-05-09 00:43:17 | DEBUG    | trading_bot | Side validated: SELL
2026-05-09 00:43:17 | DEBUG    | trading_bot | Order type validated: MARKET
2026-05-09 00:43:17 | DEBUG    | trading_bot | Quantity validated: 2.0
2026-05-09 00:43:17 | INFO     | trading_bot | All inputs validated successfully: {'symbol': 'BTCUSDT', 'side': 'SELL', 'order_type': 'MARKET', 'quantity': 2.0, 'price': None}
2026-05-09 00:43:17 | DEBUG    | trading_bot | Built order params: {'symbol': 'BTCUSDT', 'side': 'SELL', 'type': 'MARKET', 'quantity': 2.0}
2026-05-09 00:43:17 | INFO     | trading_bot | Placing SELL MARKET order | symbol=BTCUSDT | qty=2.0 | price=None
2026-05-09 00:43:17 | ERROR    | trading_bot | Binance API error: API-key format invalid. (code: -2014, status: 401)
2026-05-09 00:43:48 | INFO     | trading_bot | Logging initialised. Log file: C:\Users\shail\OneDrive\Documents\Primetrade\trading_bot\trading_bot.log
2026-05-09 00:43:48 | DEBUG    | trading_bot | Symbol validated: BTCUSDT
2026-05-09 00:43:48 | DEBUG    | trading_bot | Side validated: BUY
2026-05-09 00:43:48 | DEBUG    | trading_bot | Order type validated: LIMIT
2026-05-09 00:43:48 | DEBUG    | trading_bot | Quantity validated: 0.001
2026-05-09 00:43:48 | DEBUG    | trading_bot | Price validated for LIMIT order: 62000.0
2026-05-09 00:43:48 | INFO     | trading_bot | All inputs validated successfully: {'symbol': 'BTCUSDT', 'side': 'BUY', 'order_type': 'LIMIT', 'quantity': 0.001, 'price': 62000.0}
2026-05-09 00:43:48 | DEBUG    | trading_bot | Built order params: {'symbol': 'BTCUSDT', 'side': 'BUY', 'type': 'LIMIT', 'quantity': 0.001, 'price': 62000.0, 'timeInForce': 'GTC'}
2026-05-09 00:43:48 | INFO     | trading_bot | Placing BUY LIMIT order | symbol=BTCUSDT | qty=0.001 | price=62000.0
2026-05-09 00:43:48 | INFO     | trading_bot | Initialising Binance Futures Testnet client (key ends …eUiv).
2026-05-09 00:43:49 | INFO     | trading_bot | Connected to Futures Testnet. Server time: {'serverTime': 1778267628962}
2026-05-09 00:43:49 | INFO     | trading_bot | Order response received: {'orderId': 13121518718, 'symbol': 'BTCUSDT', 'status': 'NEW', 'clientOrderId': 'x-Cb7ytekJ88f89f48e501c61b738fc2', 'price': '62000.00', 'avgPrice': '0.00', 'origQty': '0.0010', 'executedQty': '0.0000', 'cumQty': '0.0000', 'cumQuote': '0.000000', 'timeInForce': 'GTC', 'type': 'LIMIT', 'reduceOnly': False, 'closePosition': False, 'side': 'BUY', 'positionSide': 'BOTH', 'stopPrice': '0.00', 'workingType': 'CONTRACT_PRICE', 'priceProtect': False, 'origType': 'LIMIT', 'priceMatch': 'NONE', 'selfTradePreventionMode': 'EXPIRE_MAKER', 'goodTillDate': 0, 'updateTime': 1778267629181}
2026-05-09 00:43:49 | INFO     | trading_bot | Order placed successfully: orderId=13121518718, status=NEW
2026-05-09 00:44:04 | INFO     | trading_bot | Logging initialised. Log file: C:\Users\shail\OneDrive\Documents\Primetrade\trading_bot\trading_bot.log
2026-05-09 00:44:05 | DEBUG    | trading_bot | Symbol validated: ETHUSDT
2026-05-09 00:44:05 | DEBUG    | trading_bot | Side validated: SELL
2026-05-09 00:44:05 | DEBUG    | trading_bot | Order type validated: LIMIT
2026-05-09 00:44:05 | DEBUG    | trading_bot | Quantity validated: 0.01
2026-05-09 00:44:05 | DEBUG    | trading_bot | Price validated for LIMIT order: 3200.0
2026-05-09 00:44:05 | INFO     | trading_bot | All inputs validated successfully: {'symbol': 'ETHUSDT', 'side': 'SELL', 'order_type': 'LIMIT', 'quantity': 0.01, 'price': 3200.0}
2026-05-09 00:44:05 | DEBUG    | trading_bot | Built order params: {'symbol': 'ETHUSDT', 'side': 'SELL', 'type': 'LIMIT', 'quantity': 0.01, 'price': 3200.0, 'timeInForce': 'GTC'}
2026-05-09 00:44:05 | INFO     | trading_bot | Placing SELL LIMIT order | symbol=ETHUSDT | qty=0.01 | price=3200.0
2026-05-09 00:44:05 | INFO     | trading_bot | Initialising Binance Futures Testnet client (key ends …eUiv).
2026-05-09 00:44:05 | INFO     | trading_bot | Connected to Futures Testnet. Server time: {'serverTime': 1778267645400}
2026-05-09 00:44:05 | INFO     | trading_bot | Order response received: {'orderId': 8692332938, 'symbol': 'ETHUSDT', 'status': 'NEW', 'clientOrderId': 'x-Cb7ytekJd7b2d532d9b5de95a678bf', 'price': '3200.00', 'avgPrice': '0.00', 'origQty': '0.010', 'executedQty': '0.000', 'cumQty': '0.000', 'cumQuote': '0.00000', 'timeInForce': 'GTC', 'type': 'LIMIT', 'reduceOnly': False, 'closePosition': False, 'side': 'SELL', 'positionSide': 'BOTH', 'stopPrice': '0.00', 'workingType': 'CONTRACT_PRICE', 'priceProtect': False, 'origType': 'LIMIT', 'priceMatch': 'NONE', 'selfTradePreventionMode': 'EXPIRE_MAKER', 'goodTillDate': 0, 'updateTime': 1778267645617}
2026-05-09 00:44:05 | INFO     | trading_bot | Order placed successfully: orderId=8692332938, status=NEW
2026-05-09 00:44:20 | INFO     | trading_bot | Logging initialised. Log file: C:\Users\shail\OneDrive\Documents\Primetrade\trading_bot\trading_bot.log
2026-05-09 00:44:21 | INFO     | trading_bot | Starting Primetrade web UI on http://0.0.0.0:5000 (debug=False)
2026-05-09 00:44:50 | INFO     | trading_bot | GET / — rendering order form
2026-05-09 00:45:18 | INFO     | trading_bot | POST /place — form data: {'symbol': 'BTCUSDT', 'side': 'BUY', 'order_type': 'MARKET', 'quantity': '0.001', 'price': None}
2026-05-09 00:45:18 | DEBUG    | trading_bot | Symbol validated: BTCUSDT
2026-05-09 00:45:18 | DEBUG    | trading_bot | Side validated: BUY
2026-05-09 00:45:18 | DEBUG    | trading_bot | Order type validated: MARKET
2026-05-09 00:45:18 | DEBUG    | trading_bot | Quantity validated: 0.001
2026-05-09 00:45:18 | INFO     | trading_bot | All inputs validated successfully: {'symbol': 'BTCUSDT', 'side': 'BUY', 'order_type': 'MARKET', 'quantity': 0.001, 'price': None}
2026-05-09 00:45:18 | DEBUG    | trading_bot | Built order params: {'symbol': 'BTCUSDT', 'side': 'BUY', 'type': 'MARKET', 'quantity': 0.001}
2026-05-09 00:45:18 | INFO     | trading_bot | Placing BUY MARKET order | symbol=BTCUSDT | qty=0.001 | price=None
2026-05-09 00:45:18 | ERROR    | trading_bot | Binance API error: API-key format invalid. (code: -2014, status: 401)
2026-05-09 00:48:36 | INFO     | trading_bot | Logging initialised. Log file: C:\Users\shail\OneDrive\Documents\Primetrade\trading_bot\trading_bot.log
2026-05-09 00:48:37 | DEBUG    | trading_bot | Symbol validated: BTCUSDT
2026-05-09 00:48:37 | DEBUG    | trading_bot | Side validated: BUY
2026-05-09 00:48:37 | DEBUG    | trading_bot | Order type validated: MARKET
2026-05-09 00:48:37 | DEBUG    | trading_bot | Quantity validated: 0.001
2026-05-09 00:48:37 | INFO     | trading_bot | All inputs validated successfully: {'symbol': 'BTCUSDT', 'side': 'BUY', 'order_type': 'MARKET', 'quantity': 0.001, 'price': None}
2026-05-09 00:48:37 | DEBUG    | trading_bot | Built order params: {'symbol': 'BTCUSDT', 'side': 'BUY', 'type': 'MARKET', 'quantity': 0.001}
2026-05-09 00:48:37 | INFO     | trading_bot | Placing BUY MARKET order | symbol=BTCUSDT | qty=0.001 | price=None
2026-05-09 00:48:37 | INFO     | trading_bot | Initialising Binance Futures Testnet client (key ends …eUiv).
2026-05-09 00:48:37 | INFO     | trading_bot | Connected to Futures Testnet. Server time: {'serverTime': 1778267917345}
2026-05-09 00:48:37 | INFO     | trading_bot | Order response received: {'orderId': 13121530610, 'symbol': 'BTCUSDT', 'status': 'NEW', 'clientOrderId': 'x-Cb7ytekJ2c824af7f070e337962575', 'price': '0.00', 'avgPrice': '0.00', 'origQty': '0.0010', 'executedQty': '0.0000', 'cumQty': '0.0000', 'cumQuote': '0.000000', 'timeInForce': 'GTC', 'type': 'MARKET', 'reduceOnly': False, 'closePosition': False, 'side': 'BUY', 'positionSide': 'BOTH', 'stopPrice': '0.00', 'workingType': 'CONTRACT_PRICE', 'priceProtect': False, 'origType': 'MARKET', 'priceMatch': 'NONE', 'selfTradePreventionMode': 'EXPIRE_MAKER', 'goodTillDate': 0, 'updateTime': 1778267917590}
2026-05-09 00:48:37 | INFO     | trading_bot | Order placed successfully: orderId=13121530610, status=NEW
2026-05-09 00:48:47 | INFO     | trading_bot | Logging initialised. Log file: C:\Users\shail\OneDrive\Documents\Primetrade\trading_bot\trading_bot.log
2026-05-09 00:48:47 | INFO     | trading_bot | Starting Primetrade web UI on http://0.0.0.0:5000 (debug=False)
2026-05-09 00:49:24 | INFO     | trading_bot | GET / — rendering order form
2026-05-09 00:49:53 | INFO     | trading_bot | POST /place — form data: {'symbol': 'BTCUSDT', 'side': 'BUY', 'order_type': 'MARKET', 'quantity': '0.001', 'price': None}
2026-05-09 00:49:53 | DEBUG    | trading_bot | Symbol validated: BTCUSDT
2026-05-09 00:49:53 | DEBUG    | trading_bot | Side validated: BUY
2026-05-09 00:49:53 | DEBUG    | trading_bot | Order type validated: MARKET
2026-05-09 00:49:53 | DEBUG    | trading_bot | Quantity validated: 0.001
2026-05-09 00:49:53 | INFO     | trading_bot | All inputs validated successfully: {'symbol': 'BTCUSDT', 'side': 'BUY', 'order_type': 'MARKET', 'quantity': 0.001, 'price': None}
2026-05-09 00:49:53 | DEBUG    | trading_bot | Built order params: {'symbol': 'BTCUSDT', 'side': 'BUY', 'type': 'MARKET', 'quantity': 0.001}
2026-05-09 00:49:53 | INFO     | trading_bot | Placing BUY MARKET order | symbol=BTCUSDT | qty=0.001 | price=None
2026-05-09 00:49:53 | ERROR    | trading_bot | Binance API error: API-key format invalid. (code: -2014, status: 401)
2026-05-09 00:50:24 | INFO     | trading_bot | GET / — rendering order form
2026-05-09 00:50:45 | INFO     | trading_bot | POST /place — form data: {'symbol': 'BTCUSDT', 'side': 'BUY', 'order_type': 'MARKET', 'quantity': '0.001', 'price': None}
2026-05-09 00:50:45 | DEBUG    | trading_bot | Symbol validated: BTCUSDT
2026-05-09 00:50:45 | DEBUG    | trading_bot | Side validated: BUY
2026-05-09 00:50:45 | DEBUG    | trading_bot | Order type validated: MARKET
2026-05-09 00:50:45 | DEBUG    | trading_bot | Quantity validated: 0.001
2026-05-09 00:50:45 | INFO     | trading_bot | All inputs validated successfully: {'symbol': 'BTCUSDT', 'side': 'BUY', 'order_type': 'MARKET', 'quantity': 0.001, 'price': None}
2026-05-09 00:50:45 | DEBUG    | trading_bot | Built order params: {'symbol': 'BTCUSDT', 'side': 'BUY', 'type': 'MARKET', 'quantity': 0.001}
2026-05-09 00:50:45 | INFO     | trading_bot | Placing BUY MARKET order | symbol=BTCUSDT | qty=0.001 | price=None
2026-05-09 00:50:45 | ERROR    | trading_bot | Binance API error: API-key format invalid. (code: -2014, status: 401)
2026-05-09 00:51:17 | INFO     | trading_bot | POST /place — form data: {'symbol': 'BTCUSDT', 'side': 'BUY', 'order_type': 'MARKET', 'quantity': '0.001', 'price': None}
2026-05-09 00:51:17 | DEBUG    | trading_bot | Symbol validated: BTCUSDT
2026-05-09 00:51:17 | DEBUG    | trading_bot | Side validated: BUY
2026-05-09 00:51:17 | DEBUG    | trading_bot | Order type validated: MARKET
2026-05-09 00:51:17 | DEBUG    | trading_bot | Quantity validated: 0.001
2026-05-09 00:51:17 | INFO     | trading_bot | All inputs validated successfully: {'symbol': 'BTCUSDT', 'side': 'BUY', 'order_type': 'MARKET', 'quantity': 0.001, 'price': None}
2026-05-09 00:51:17 | DEBUG    | trading_bot | Built order params: {'symbol': 'BTCUSDT', 'side': 'BUY', 'type': 'MARKET', 'quantity': 0.001}
2026-05-09 00:51:17 | INFO     | trading_bot | Placing BUY MARKET order | symbol=BTCUSDT | qty=0.001 | price=None
2026-05-09 00:51:17 | ERROR    | trading_bot | Binance API error: API-key format invalid. (code: -2014, status: 401)
2026-05-09 00:53:17 | INFO     | trading_bot | Logging initialised. Log file: C:\Users\shail\OneDrive\Documents\Primetrade\trading_bot\trading_bot.log
2026-05-09 00:53:17 | INFO     | trading_bot | Starting Primetrade web UI on http://0.0.0.0:5000 (debug=False)
2026-05-09 00:53:33 | INFO     | trading_bot | POST /place — form data: {'symbol': 'BTCUSDT', 'side': 'BUY', 'order_type': 'MARKET', 'quantity': '0.001', 'price': None}
2026-05-09 00:53:33 | DEBUG    | trading_bot | Symbol validated: BTCUSDT
2026-05-09 00:53:33 | DEBUG    | trading_bot | Side validated: BUY
2026-05-09 00:53:33 | DEBUG    | trading_bot | Order type validated: MARKET
2026-05-09 00:53:33 | DEBUG    | trading_bot | Quantity validated: 0.001
2026-05-09 00:53:33 | INFO     | trading_bot | All inputs validated successfully: {'symbol': 'BTCUSDT', 'side': 'BUY', 'order_type': 'MARKET', 'quantity': 0.001, 'price': None}
2026-05-09 00:53:33 | DEBUG    | trading_bot | Built order params: {'symbol': 'BTCUSDT', 'side': 'BUY', 'type': 'MARKET', 'quantity': 0.001}
2026-05-09 00:53:33 | INFO     | trading_bot | Placing BUY MARKET order | symbol=BTCUSDT | qty=0.001 | price=None
2026-05-09 00:53:33 | ERROR    | trading_bot | Binance API error: API-key format invalid. (code: -2014, status: 401)
2026-05-09 00:53:35 | INFO     | trading_bot | POST /place — form data: {'symbol': 'BTCUSDT', 'side': 'BUY', 'order_type': 'MARKET', 'quantity': '0.001', 'price': None}
2026-05-09 00:53:35 | DEBUG    | trading_bot | Symbol validated: BTCUSDT
2026-05-09 00:53:35 | DEBUG    | trading_bot | Side validated: BUY
2026-05-09 00:53:35 | DEBUG    | trading_bot | Order type validated: MARKET
2026-05-09 00:53:35 | DEBUG    | trading_bot | Quantity validated: 0.001
2026-05-09 00:53:35 | INFO     | trading_bot | All inputs validated successfully: {'symbol': 'BTCUSDT', 'side': 'BUY', 'order_type': 'MARKET', 'quantity': 0.001, 'price': None}
2026-05-09 00:53:35 | DEBUG    | trading_bot | Built order params: {'symbol': 'BTCUSDT', 'side': 'BUY', 'type': 'MARKET', 'quantity': 0.001}
2026-05-09 00:53:35 | INFO     | trading_bot | Placing BUY MARKET order | symbol=BTCUSDT | qty=0.001 | price=None
2026-05-09 00:53:35 | ERROR    | trading_bot | Binance API error: API-key format invalid. (code: -2014, status: 401)
2026-05-09 00:53:36 | INFO     | trading_bot | POST /place — form data: {'symbol': 'BTCUSDT', 'side': 'SELL', 'order_type': 'MARKET', 'quantity': '0.001', 'price': None}
2026-05-09 00:53:36 | DEBUG    | trading_bot | Symbol validated: BTCUSDT
2026-05-09 00:53:36 | DEBUG    | trading_bot | Side validated: SELL
2026-05-09 00:53:36 | DEBUG    | trading_bot | Order type validated: MARKET
2026-05-09 00:53:36 | DEBUG    | trading_bot | Quantity validated: 0.001
2026-05-09 00:53:36 | INFO     | trading_bot | All inputs validated successfully: {'symbol': 'BTCUSDT', 'side': 'SELL', 'order_type': 'MARKET', 'quantity': 0.001, 'price': None}
2026-05-09 00:53:36 | DEBUG    | trading_bot | Built order params: {'symbol': 'BTCUSDT', 'side': 'SELL', 'type': 'MARKET', 'quantity': 0.001}
2026-05-09 00:53:36 | INFO     | trading_bot | Placing SELL MARKET order | symbol=BTCUSDT | qty=0.001 | price=None
2026-05-09 00:53:37 | ERROR    | trading_bot | Binance API error: API-key format invalid. (code: -2014, status: 401)
2026-05-09 00:53:37 | INFO     | trading_bot | POST /place — form data: {'symbol': 'BTCUSDT', 'side': 'SELL', 'order_type': 'MARKET', 'quantity': '0.001', 'price': None}
2026-05-09 00:53:37 | DEBUG    | trading_bot | Symbol validated: BTCUSDT
2026-05-09 00:53:37 | DEBUG    | trading_bot | Side validated: SELL
2026-05-09 00:53:37 | DEBUG    | trading_bot | Order type validated: MARKET
2026-05-09 00:53:37 | DEBUG    | trading_bot | Quantity validated: 0.001
2026-05-09 00:53:37 | INFO     | trading_bot | All inputs validated successfully: {'symbol': 'BTCUSDT', 'side': 'SELL', 'order_type': 'MARKET', 'quantity': 0.001, 'price': None}
2026-05-09 00:53:37 | DEBUG    | trading_bot | Built order params: {'symbol': 'BTCUSDT', 'side': 'SELL', 'type': 'MARKET', 'quantity': 0.001}
2026-05-09 00:53:37 | INFO     | trading_bot | Placing SELL MARKET order | symbol=BTCUSDT | qty=0.001 | price=None
2026-05-09 00:53:37 | ERROR    | trading_bot | Binance API error: API-key format invalid. (code: -2014, status: 401)
2026-05-09 00:53:38 | INFO     | trading_bot | POST /place — form data: {'symbol': 'BTCUSDT', 'side': 'SELL', 'order_type': 'MARKET', 'quantity': '0.001', 'price': None}
2026-05-09 00:53:38 | DEBUG    | trading_bot | Symbol validated: BTCUSDT
2026-05-09 00:53:38 | DEBUG    | trading_bot | Side validated: SELL
2026-05-09 00:53:38 | DEBUG    | trading_bot | Order type validated: MARKET
2026-05-09 00:53:38 | DEBUG    | trading_bot | Quantity validated: 0.001
2026-05-09 00:53:38 | INFO     | trading_bot | All inputs validated successfully: {'symbol': 'BTCUSDT', 'side': 'SELL', 'order_type': 'MARKET', 'quantity': 0.001, 'price': None}
2026-05-09 00:53:38 | DEBUG    | trading_bot | Built order params: {'symbol': 'BTCUSDT', 'side': 'SELL', 'type': 'MARKET', 'quantity': 0.001}
2026-05-09 00:53:38 | INFO     | trading_bot | Placing SELL MARKET order | symbol=BTCUSDT | qty=0.001 | price=None
2026-05-09 00:53:38 | ERROR    | trading_bot | Binance API error: API-key format invalid. (code: -2014, status: 401)
2026-05-09 00:54:10 | INFO     | trading_bot | GET / — rendering order form
2026-05-09 00:56:55 | INFO     | trading_bot | POST /place — form data: {'symbol': 'BTCUSDT', 'side': 'BUY', 'order_type': 'MARKET', 'quantity': '0.001', 'price': None}
2026-05-09 00:56:55 | DEBUG    | trading_bot | Symbol validated: BTCUSDT
2026-05-09 00:56:55 | DEBUG    | trading_bot | Side validated: BUY
2026-05-09 00:56:55 | DEBUG    | trading_bot | Order type validated: MARKET
2026-05-09 00:56:55 | DEBUG    | trading_bot | Quantity validated: 0.001
2026-05-09 00:56:55 | INFO     | trading_bot | All inputs validated successfully: {'symbol': 'BTCUSDT', 'side': 'BUY', 'order_type': 'MARKET', 'quantity': 0.001, 'price': None}
2026-05-09 00:56:55 | DEBUG    | trading_bot | Built order params: {'symbol': 'BTCUSDT', 'side': 'BUY', 'type': 'MARKET', 'quantity': 0.001}
2026-05-09 00:56:55 | INFO     | trading_bot | Placing BUY MARKET order | symbol=BTCUSDT | qty=0.001 | price=None
2026-05-09 00:56:56 | ERROR    | trading_bot | Binance API error: API-key format invalid. (code: -2014, status: 401)
2026-05-09 00:59:01 | INFO     | trading_bot | Logging initialised. Log file: C:\Users\shail\OneDrive\Documents\Primetrade\trading_bot\trading_bot.log
2026-05-09 00:59:01 | INFO     | trading_bot | Starting Primetrade web UI on http://0.0.0.0:5000 (debug=False)
2026-05-09 00:59:21 | INFO     | trading_bot | GET / — rendering order form
2026-05-09 00:59:55 | INFO     | trading_bot | POST /place — form data: {'symbol': 'BTCUSDT', 'side': 'BUY', 'order_type': 'MARKET', 'quantity': '0.001', 'price': None}
2026-05-09 00:59:55 | DEBUG    | trading_bot | Symbol validated: BTCUSDT
2026-05-09 00:59:55 | DEBUG    | trading_bot | Side validated: BUY
2026-05-09 00:59:55 | DEBUG    | trading_bot | Order type validated: MARKET
2026-05-09 00:59:55 | DEBUG    | trading_bot | Quantity validated: 0.001
2026-05-09 00:59:55 | INFO     | trading_bot | All inputs validated successfully: {'symbol': 'BTCUSDT', 'side': 'BUY', 'order_type': 'MARKET', 'quantity': 0.001, 'price': None}
2026-05-09 00:59:55 | DEBUG    | trading_bot | Built order params: {'symbol': 'BTCUSDT', 'side': 'BUY', 'type': 'MARKET', 'quantity': 0.001}
2026-05-09 00:59:55 | INFO     | trading_bot | Placing BUY MARKET order | symbol=BTCUSDT | qty=0.001 | price=None
2026-05-09 00:59:55 | ERROR    | trading_bot | Binance API error: API-key format invalid. (code: -2014, status: 401)
2026-05-09 01:01:54 | INFO     | trading_bot | Logging initialised. Log file: C:\Users\shail\OneDrive\Documents\Primetrade\trading_bot\trading_bot.log
2026-05-09 01:01:55 | INFO     | trading_bot | Starting Primetrade web UI on http://0.0.0.0:5000 (debug=False)
2026-05-09 01:02:02 | INFO     | trading_bot | POST /place — form data: {'symbol': 'BTCUSDT', 'side': 'BUY', 'order_type': 'MARKET', 'quantity': '2', 'price': None}
2026-05-09 01:02:02 | DEBUG    | trading_bot | Symbol validated: BTCUSDT
2026-05-09 01:02:02 | DEBUG    | trading_bot | Side validated: BUY
2026-05-09 01:02:02 | DEBUG    | trading_bot | Order type validated: MARKET
2026-05-09 01:02:02 | DEBUG    | trading_bot | Quantity validated: 2.0
2026-05-09 01:02:02 | INFO     | trading_bot | All inputs validated successfully: {'symbol': 'BTCUSDT', 'side': 'BUY', 'order_type': 'MARKET', 'quantity': 2.0, 'price': None}
2026-05-09 01:02:02 | DEBUG    | trading_bot | Built order params: {'symbol': 'BTCUSDT', 'side': 'BUY', 'type': 'MARKET', 'quantity': 2.0}
2026-05-09 01:02:02 | INFO     | trading_bot | Placing BUY MARKET order | symbol=BTCUSDT | qty=2.0 | price=None
2026-05-09 01:02:03 | ERROR    | trading_bot | Binance API error: API-key format invalid. (code: -2014, status: 401)
2026-05-09 01:02:04 | INFO     | trading_bot | POST /place — form data: {'symbol': 'BTCUSDT', 'side': 'BUY', 'order_type': 'MARKET', 'quantity': '2.0', 'price': None}
2026-05-09 01:02:04 | DEBUG    | trading_bot | Symbol validated: BTCUSDT
2026-05-09 01:02:04 | DEBUG    | trading_bot | Side validated: BUY
2026-05-09 01:02:04 | DEBUG    | trading_bot | Order type validated: MARKET
2026-05-09 01:02:04 | DEBUG    | trading_bot | Quantity validated: 2.0
2026-05-09 01:02:04 | INFO     | trading_bot | All inputs validated successfully: {'symbol': 'BTCUSDT', 'side': 'BUY', 'order_type': 'MARKET', 'quantity': 2.0, 'price': None}
2026-05-09 01:02:04 | DEBUG    | trading_bot | Built order params: {'symbol': 'BTCUSDT', 'side': 'BUY', 'type': 'MARKET', 'quantity': 2.0}
2026-05-09 01:02:04 | INFO     | trading_bot | Placing BUY MARKET order | symbol=BTCUSDT | qty=2.0 | price=None
2026-05-09 01:02:04 | ERROR    | trading_bot | Binance API error: API-key format invalid. (code: -2014, status: 401)
2026-05-09 01:02:09 | INFO     | trading_bot | POST /place — form data: {'symbol': 'BTCUSDT', 'side': 'SELL', 'order_type': 'MARKET', 'quantity': '2.0', 'price': None}
2026-05-09 01:02:09 | DEBUG    | trading_bot | Symbol validated: BTCUSDT
2026-05-09 01:02:09 | DEBUG    | trading_bot | Side validated: SELL
2026-05-09 01:02:09 | DEBUG    | trading_bot | Order type validated: MARKET
2026-05-09 01:02:09 | DEBUG    | trading_bot | Quantity validated: 2.0
2026-05-09 01:02:09 | INFO     | trading_bot | All inputs validated successfully: {'symbol': 'BTCUSDT', 'side': 'SELL', 'order_type': 'MARKET', 'quantity': 2.0, 'price': None}
2026-05-09 01:02:09 | DEBUG    | trading_bot | Built order params: {'symbol': 'BTCUSDT', 'side': 'SELL', 'type': 'MARKET', 'quantity': 2.0}
2026-05-09 01:02:09 | INFO     | trading_bot | Placing SELL MARKET order | symbol=BTCUSDT | qty=2.0 | price=None
2026-05-09 01:02:09 | ERROR    | trading_bot | Binance API error: API-key format invalid. (code: -2014, status: 401)
2026-05-09 01:03:15 | INFO     | trading_bot | POST /place — form data: {'symbol': 'BTCUSDT', 'side': 'BUY', 'order_type': 'MARKET', 'quantity': '0.001', 'price': None}
2026-05-09 01:03:15 | DEBUG    | trading_bot | Symbol validated: BTCUSDT
2026-05-09 01:03:15 | DEBUG    | trading_bot | Side validated: BUY
2026-05-09 01:03:15 | DEBUG    | trading_bot | Order type validated: MARKET
2026-05-09 01:03:15 | DEBUG    | trading_bot | Quantity validated: 0.001
2026-05-09 01:03:15 | INFO     | trading_bot | All inputs validated successfully: {'symbol': 'BTCUSDT', 'side': 'BUY', 'order_type': 'MARKET', 'quantity': 0.001, 'price': None}
2026-05-09 01:03:15 | DEBUG    | trading_bot | Built order params: {'symbol': 'BTCUSDT', 'side': 'BUY', 'type': 'MARKET', 'quantity': 0.001}
2026-05-09 01:03:15 | INFO     | trading_bot | Placing BUY MARKET order | symbol=BTCUSDT | qty=0.001 | price=None
2026-05-09 01:03:15 | ERROR    | trading_bot | Binance API error: API-key format invalid. (code: -2014, status: 401)
2026-05-09 01:04:30 | INFO     | trading_bot | POST /place — form data: {'symbol': 'BTCUSDT', 'side': 'BUY', 'order_type': 'MARKET', 'quantity': '0.001', 'price': None}
2026-05-09 01:04:30 | DEBUG    | trading_bot | Symbol validated: BTCUSDT
2026-05-09 01:04:30 | DEBUG    | trading_bot | Side validated: BUY
2026-05-09 01:04:30 | DEBUG    | trading_bot | Order type validated: MARKET
2026-05-09 01:04:30 | DEBUG    | trading_bot | Quantity validated: 0.001
2026-05-09 01:04:30 | INFO     | trading_bot | All inputs validated successfully: {'symbol': 'BTCUSDT', 'side': 'BUY', 'order_type': 'MARKET', 'quantity': 0.001, 'price': None}
2026-05-09 01:04:30 | DEBUG    | trading_bot | Built order params: {'symbol': 'BTCUSDT', 'side': 'BUY', 'type': 'MARKET', 'quantity': 0.001}
2026-05-09 01:04:30 | INFO     | trading_bot | Placing BUY MARKET order | symbol=BTCUSDT | qty=0.001 | price=None
2026-05-09 01:04:30 | ERROR    | trading_bot | Binance API error: API-key format invalid. (code: -2014, status: 401)
2026-05-09 01:05:55 | INFO     | trading_bot | Logging initialised. Log file: C:\Users\shail\OneDrive\Documents\Primetrade\trading_bot\trading_bot.log
2026-05-09 01:05:56 | INFO     | trading_bot | Starting Primetrade web UI on http://0.0.0.0:5000 (debug=False)
2026-05-09 01:06:27 | INFO     | trading_bot | GET / — rendering order form
2026-05-09 01:06:47 | INFO     | trading_bot | POST /place — form data: {'symbol': 'BTCUSDT', 'side': 'BUY', 'order_type': 'MARKET', 'quantity': '0.001', 'price': None}
2026-05-09 01:06:47 | DEBUG    | trading_bot | Symbol validated: BTCUSDT
2026-05-09 01:06:47 | DEBUG    | trading_bot | Side validated: BUY
2026-05-09 01:06:47 | DEBUG    | trading_bot | Order type validated: MARKET
2026-05-09 01:06:47 | DEBUG    | trading_bot | Quantity validated: 0.001
2026-05-09 01:06:47 | INFO     | trading_bot | All inputs validated successfully: {'symbol': 'BTCUSDT', 'side': 'BUY', 'order_type': 'MARKET', 'quantity': 0.001, 'price': None}
2026-05-09 01:06:47 | DEBUG    | trading_bot | Built order params: {'symbol': 'BTCUSDT', 'side': 'BUY', 'type': 'MARKET', 'quantity': 0.001}
2026-05-09 01:06:47 | INFO     | trading_bot | Placing BUY MARKET order | symbol=BTCUSDT | qty=0.001 | price=None
2026-05-09 01:06:47 | ERROR    | trading_bot | Binance API error: API-key format invalid. (code: -2014, status: 401)
2026-05-09 01:08:33 | INFO     | trading_bot | POST /place — form data: {'symbol': 'BTCUSDT', 'side': 'BUY', 'order_type': 'MARKET', 'quantity': '0.001', 'price': None}
2026-05-09 01:08:33 | DEBUG    | trading_bot | Symbol validated: BTCUSDT
2026-05-09 01:08:33 | DEBUG    | trading_bot | Side validated: BUY
2026-05-09 01:08:33 | DEBUG    | trading_bot | Order type validated: MARKET
2026-05-09 01:08:33 | DEBUG    | trading_bot | Quantity validated: 0.001
2026-05-09 01:08:33 | INFO     | trading_bot | All inputs validated successfully: {'symbol': 'BTCUSDT', 'side': 'BUY', 'order_type': 'MARKET', 'quantity': 0.001, 'price': None}
2026-05-09 01:08:33 | DEBUG    | trading_bot | Built order params: {'symbol': 'BTCUSDT', 'side': 'BUY', 'type': 'MARKET', 'quantity': 0.001}
2026-05-09 01:08:33 | INFO     | trading_bot | Placing BUY MARKET order | symbol=BTCUSDT | qty=0.001 | price=None
2026-05-09 01:08:33 | ERROR    | trading_bot | Binance API error: API-key format invalid. (code: -2014, status: 401)
2026-05-09 01:08:58 | INFO     | trading_bot | Logging initialised. Log file: C:\Users\shail\OneDrive\Documents\Primetrade\trading_bot\trading_bot.log
2026-05-09 01:08:58 | INFO     | trading_bot | Initialising Binance Futures Testnet client (key ends …eUiv).
2026-05-09 01:08:58 | INFO     | trading_bot | Connected to Futures Testnet. Server time: {'serverTime': 1778269138246}
2026-05-09 01:09:54 | INFO     | trading_bot | POST /place — form data: {'symbol': 'BTCUSDT', 'side': 'BUY', 'order_type': 'MARKET', 'quantity': '0.001', 'price': None}
2026-05-09 01:09:54 | DEBUG    | trading_bot | Symbol validated: BTCUSDT
2026-05-09 01:09:54 | DEBUG    | trading_bot | Side validated: BUY
2026-05-09 01:09:54 | DEBUG    | trading_bot | Order type validated: MARKET
2026-05-09 01:09:54 | DEBUG    | trading_bot | Quantity validated: 0.001
2026-05-09 01:09:54 | INFO     | trading_bot | All inputs validated successfully: {'symbol': 'BTCUSDT', 'side': 'BUY', 'order_type': 'MARKET', 'quantity': 0.001, 'price': None}
2026-05-09 01:09:54 | DEBUG    | trading_bot | Built order params: {'symbol': 'BTCUSDT', 'side': 'BUY', 'type': 'MARKET', 'quantity': 0.001}
2026-05-09 01:09:54 | INFO     | trading_bot | Placing BUY MARKET order | symbol=BTCUSDT | qty=0.001 | price=None
2026-05-09 01:09:54 | ERROR    | trading_bot | Binance API error: API-key format invalid. (code: -2014, status: 401)
2026-05-09 01:09:55 | INFO     | trading_bot | POST /place — form data: {'symbol': 'BTCUSDT', 'side': 'BUY', 'order_type': 'MARKET', 'quantity': '0.001', 'price': None}
2026-05-09 01:09:55 | DEBUG    | trading_bot | Symbol validated: BTCUSDT
2026-05-09 01:09:55 | DEBUG    | trading_bot | Side validated: BUY
2026-05-09 01:09:55 | DEBUG    | trading_bot | Order type validated: MARKET
2026-05-09 01:09:55 | DEBUG    | trading_bot | Quantity validated: 0.001
2026-05-09 01:09:55 | INFO     | trading_bot | All inputs validated successfully: {'symbol': 'BTCUSDT', 'side': 'BUY', 'order_type': 'MARKET', 'quantity': 0.001, 'price': None}
2026-05-09 01:09:55 | DEBUG    | trading_bot | Built order params: {'symbol': 'BTCUSDT', 'side': 'BUY', 'type': 'MARKET', 'quantity': 0.001}
2026-05-09 01:09:55 | INFO     | trading_bot | Placing BUY MARKET order | symbol=BTCUSDT | qty=0.001 | price=None
2026-05-09 01:09:56 | ERROR    | trading_bot | Binance API error: API-key format invalid. (code: -2014, status: 401)
2026-05-09 01:09:57 | INFO     | trading_bot | POST /place — form data: {'symbol': 'BTCUSDT', 'side': 'BUY', 'order_type': 'MARKET', 'quantity': '0.001', 'price': None}
2026-05-09 01:09:57 | DEBUG    | trading_bot | Symbol validated: BTCUSDT
2026-05-09 01:09:57 | DEBUG    | trading_bot | Side validated: BUY
2026-05-09 01:09:57 | DEBUG    | trading_bot | Order type validated: MARKET
2026-05-09 01:09:57 | DEBUG    | trading_bot | Quantity validated: 0.001
2026-05-09 01:09:57 | INFO     | trading_bot | All inputs validated successfully: {'symbol': 'BTCUSDT', 'side': 'BUY', 'order_type': 'MARKET', 'quantity': 0.001, 'price': None}
2026-05-09 01:09:57 | DEBUG    | trading_bot | Built order params: {'symbol': 'BTCUSDT', 'side': 'BUY', 'type': 'MARKET', 'quantity': 0.001}
2026-05-09 01:09:57 | INFO     | trading_bot | Placing BUY MARKET order | symbol=BTCUSDT | qty=0.001 | price=None
2026-05-09 01:09:57 | ERROR    | trading_bot | Binance API error: API-key format invalid. (code: -2014, status: 401)
2026-05-09 01:11:02 | INFO     | trading_bot | Logging initialised. Log file: C:\Users\shail\OneDrive\Documents\Primetrade\trading_bot\trading_bot.log
2026-05-09 01:11:02 | INFO     | trading_bot | Starting Primetrade web UI on http://0.0.0.0:5000 (debug=False)
2026-05-09 01:11:11 | INFO     | trading_bot | GET / — rendering order form
2026-05-09 01:11:24 | INFO     | trading_bot | POST /place — form data: {'symbol': 'BTCUSDT', 'side': 'BUY', 'order_type': 'MARKET', 'quantity': '2', 'price': None}
2026-05-09 01:11:24 | DEBUG    | trading_bot | Symbol validated: BTCUSDT
2026-05-09 01:11:24 | DEBUG    | trading_bot | Side validated: BUY
2026-05-09 01:11:24 | DEBUG    | trading_bot | Order type validated: MARKET
2026-05-09 01:11:24 | DEBUG    | trading_bot | Quantity validated: 2.0
2026-05-09 01:11:24 | INFO     | trading_bot | All inputs validated successfully: {'symbol': 'BTCUSDT', 'side': 'BUY', 'order_type': 'MARKET', 'quantity': 2.0, 'price': None}
2026-05-09 01:11:24 | DEBUG    | trading_bot | Built order params: {'symbol': 'BTCUSDT', 'side': 'BUY', 'type': 'MARKET', 'quantity': 2.0}
2026-05-09 01:11:24 | INFO     | trading_bot | Placing BUY MARKET order | symbol=BTCUSDT | qty=2.0 | price=None
2026-05-09 01:11:24 | ERROR    | trading_bot | Binance API error: API-key format invalid. (code: -2014, status: 401)
2026-05-09 01:11:25 | INFO     | trading_bot | POST /place — form data: {'symbol': 'BTCUSDT', 'side': 'BUY', 'order_type': 'MARKET', 'quantity': '2.0', 'price': None}
2026-05-09 01:11:25 | DEBUG    | trading_bot | Symbol validated: BTCUSDT
2026-05-09 01:11:25 | DEBUG    | trading_bot | Side validated: BUY
2026-05-09 01:11:25 | DEBUG    | trading_bot | Order type validated: MARKET
2026-05-09 01:11:25 | DEBUG    | trading_bot | Quantity validated: 2.0
2026-05-09 01:11:25 | INFO     | trading_bot | All inputs validated successfully: {'symbol': 'BTCUSDT', 'side': 'BUY', 'order_type': 'MARKET', 'quantity': 2.0, 'price': None}
2026-05-09 01:11:25 | DEBUG    | trading_bot | Built order params: {'symbol': 'BTCUSDT', 'side': 'BUY', 'type': 'MARKET', 'quantity': 2.0}
2026-05-09 01:11:25 | INFO     | trading_bot | Placing BUY MARKET order | symbol=BTCUSDT | qty=2.0 | price=None
2026-05-09 01:11:25 | ERROR    | trading_bot | Binance API error: API-key format invalid. (code: -2014, status: 401)
2026-05-09 01:11:26 | INFO     | trading_bot | POST /place — form data: {'symbol': 'BTCUSDT', 'side': 'BUY', 'order_type': 'MARKET', 'quantity': '2.0', 'price': None}
2026-05-09 01:11:26 | DEBUG    | trading_bot | Symbol validated: BTCUSDT
2026-05-09 01:11:26 | DEBUG    | trading_bot | Side validated: BUY
2026-05-09 01:11:26 | DEBUG    | trading_bot | Order type validated: MARKET
2026-05-09 01:11:26 | DEBUG    | trading_bot | Quantity validated: 2.0
2026-05-09 01:11:26 | INFO     | trading_bot | All inputs validated successfully: {'symbol': 'BTCUSDT', 'side': 'BUY', 'order_type': 'MARKET', 'quantity': 2.0, 'price': None}
2026-05-09 01:11:26 | DEBUG    | trading_bot | Built order params: {'symbol': 'BTCUSDT', 'side': 'BUY', 'type': 'MARKET', 'quantity': 2.0}
2026-05-09 01:11:26 | INFO     | trading_bot | Placing BUY MARKET order | symbol=BTCUSDT | qty=2.0 | price=None
2026-05-09 01:11:26 | ERROR    | trading_bot | Binance API error: API-key format invalid. (code: -2014, status: 401)
2026-05-09 01:11:26 | INFO     | trading_bot | POST /place — form data: {'symbol': 'BTCUSDT', 'side': 'BUY', 'order_type': 'MARKET', 'quantity': '2.0', 'price': None}
2026-05-09 01:11:26 | DEBUG    | trading_bot | Symbol validated: BTCUSDT
2026-05-09 01:11:26 | DEBUG    | trading_bot | Side validated: BUY
2026-05-09 01:11:26 | DEBUG    | trading_bot | Order type validated: MARKET
2026-05-09 01:11:26 | DEBUG    | trading_bot | Quantity validated: 2.0
2026-05-09 01:11:26 | INFO     | trading_bot | All inputs validated successfully: {'symbol': 'BTCUSDT', 'side': 'BUY', 'order_type': 'MARKET', 'quantity': 2.0, 'price': None}
2026-05-09 01:11:26 | DEBUG    | trading_bot | Built order params: {'symbol': 'BTCUSDT', 'side': 'BUY', 'type': 'MARKET', 'quantity': 2.0}
2026-05-09 01:11:26 | INFO     | trading_bot | Placing BUY MARKET order | symbol=BTCUSDT | qty=2.0 | price=None
2026-05-09 01:11:26 | ERROR    | trading_bot | Binance API error: API-key format invalid. (code: -2014, status: 401)
2026-05-09 01:11:26 | INFO     | trading_bot | POST /place — form data: {'symbol': 'BTCUSDT', 'side': 'BUY', 'order_type': 'MARKET', 'quantity': '2.0', 'price': None}
2026-05-09 01:11:26 | DEBUG    | trading_bot | Symbol validated: BTCUSDT
2026-05-09 01:11:26 | DEBUG    | trading_bot | Side validated: BUY
2026-05-09 01:11:26 | DEBUG    | trading_bot | Order type validated: MARKET
2026-05-09 01:11:26 | DEBUG    | trading_bot | Quantity validated: 2.0
2026-05-09 01:11:26 | INFO     | trading_bot | All inputs validated successfully: {'symbol': 'BTCUSDT', 'side': 'BUY', 'order_type': 'MARKET', 'quantity': 2.0, 'price': None}
2026-05-09 01:11:26 | DEBUG    | trading_bot | Built order params: {'symbol': 'BTCUSDT', 'side': 'BUY', 'type': 'MARKET', 'quantity': 2.0}
2026-05-09 01:11:26 | INFO     | trading_bot | Placing BUY MARKET order | symbol=BTCUSDT | qty=2.0 | price=None
2026-05-09 01:11:27 | ERROR    | trading_bot | Binance API error: API-key format invalid. (code: -2014, status: 401)
2026-05-09 01:11:29 | INFO     | trading_bot | POST /place — form data: {'symbol': 'BTCUSDT', 'side': 'SELL', 'order_type': 'MARKET', 'quantity': '2.0', 'price': None}
2026-05-09 01:11:29 | DEBUG    | trading_bot | Symbol validated: BTCUSDT
2026-05-09 01:11:29 | DEBUG    | trading_bot | Side validated: SELL
2026-05-09 01:11:29 | DEBUG    | trading_bot | Order type validated: MARKET
2026-05-09 01:11:29 | DEBUG    | trading_bot | Quantity validated: 2.0
2026-05-09 01:11:29 | INFO     | trading_bot | All inputs validated successfully: {'symbol': 'BTCUSDT', 'side': 'SELL', 'order_type': 'MARKET', 'quantity': 2.0, 'price': None}
2026-05-09 01:11:29 | DEBUG    | trading_bot | Built order params: {'symbol': 'BTCUSDT', 'side': 'SELL', 'type': 'MARKET', 'quantity': 2.0}
2026-05-09 01:11:29 | INFO     | trading_bot | Placing SELL MARKET order | symbol=BTCUSDT | qty=2.0 | price=None
2026-05-09 01:11:29 | ERROR    | trading_bot | Binance API error: API-key format invalid. (code: -2014, status: 401)
2026-05-09 01:11:30 | INFO     | trading_bot | POST /place — form data: {'symbol': 'BTCUSDT', 'side': 'SELL', 'order_type': 'MARKET', 'quantity': '2.0', 'price': None}
2026-05-09 01:11:30 | DEBUG    | trading_bot | Symbol validated: BTCUSDT
2026-05-09 01:11:30 | DEBUG    | trading_bot | Side validated: SELL
2026-05-09 01:11:30 | DEBUG    | trading_bot | Order type validated: MARKET
2026-05-09 01:11:30 | DEBUG    | trading_bot | Quantity validated: 2.0
2026-05-09 01:11:30 | INFO     | trading_bot | All inputs validated successfully: {'symbol': 'BTCUSDT', 'side': 'SELL', 'order_type': 'MARKET', 'quantity': 2.0, 'price': None}
2026-05-09 01:11:30 | DEBUG    | trading_bot | Built order params: {'symbol': 'BTCUSDT', 'side': 'SELL', 'type': 'MARKET', 'quantity': 2.0}
2026-05-09 01:11:30 | INFO     | trading_bot | Placing SELL MARKET order | symbol=BTCUSDT | qty=2.0 | price=None
2026-05-09 01:11:30 | ERROR    | trading_bot | Binance API error: API-key format invalid. (code: -2014, status: 401)
2026-05-09 01:11:31 | INFO     | trading_bot | POST /place — form data: {'symbol': 'BTCUSDT', 'side': 'SELL', 'order_type': 'MARKET', 'quantity': '2.0', 'price': None}
2026-05-09 01:11:31 | DEBUG    | trading_bot | Symbol validated: BTCUSDT
2026-05-09 01:11:31 | DEBUG    | trading_bot | Side validated: SELL
2026-05-09 01:11:31 | DEBUG    | trading_bot | Order type validated: MARKET
2026-05-09 01:11:31 | DEBUG    | trading_bot | Quantity validated: 2.0
2026-05-09 01:11:31 | INFO     | trading_bot | All inputs validated successfully: {'symbol': 'BTCUSDT', 'side': 'SELL', 'order_type': 'MARKET', 'quantity': 2.0, 'price': None}
2026-05-09 01:11:31 | DEBUG    | trading_bot | Built order params: {'symbol': 'BTCUSDT', 'side': 'SELL', 'type': 'MARKET', 'quantity': 2.0}
2026-05-09 01:11:31 | INFO     | trading_bot | Placing SELL MARKET order | symbol=BTCUSDT | qty=2.0 | price=None
2026-05-09 01:11:31 | ERROR    | trading_bot | Binance API error: API-key format invalid. (code: -2014, status: 401)
2026-05-09 01:11:31 | INFO     | trading_bot | POST /place — form data: {'symbol': 'BTCUSDT', 'side': 'SELL', 'order_type': 'MARKET', 'quantity': '2.0', 'price': None}
2026-05-09 01:11:31 | DEBUG    | trading_bot | Symbol validated: BTCUSDT
2026-05-09 01:11:31 | DEBUG    | trading_bot | Side validated: SELL
2026-05-09 01:11:31 | DEBUG    | trading_bot | Order type validated: MARKET
2026-05-09 01:11:31 | DEBUG    | trading_bot | Quantity validated: 2.0
2026-05-09 01:11:31 | INFO     | trading_bot | All inputs validated successfully: {'symbol': 'BTCUSDT', 'side': 'SELL', 'order_type': 'MARKET', 'quantity': 2.0, 'price': None}
2026-05-09 01:11:31 | DEBUG    | trading_bot | Built order params: {'symbol': 'BTCUSDT', 'side': 'SELL', 'type': 'MARKET', 'quantity': 2.0}
2026-05-09 01:11:31 | INFO     | trading_bot | Placing SELL MARKET order | symbol=BTCUSDT | qty=2.0 | price=None
2026-05-09 01:11:31 | ERROR    | trading_bot | Binance API error: API-key format invalid. (code: -2014, status: 401)
2026-05-09 01:16:57 | INFO     | trading_bot | Logging initialised. Log file: C:\Users\shail\OneDrive\Documents\Primetrade\trading_bot\trading_bot.log
2026-05-09 01:16:57 | DEBUG    | trading_bot | Credentials loaded via python-dotenv from C:\Users\shail\OneDrive\Documents\Primetrade\trading_bot\.env
2026-05-09 01:17:51 | INFO     | trading_bot | Logging initialised. Log file: C:\Users\shail\OneDrive\Documents\Primetrade\trading_bot\trading_bot.log
2026-05-09 01:17:51 | INFO     | trading_bot | Starting Primetrade web UI on http://0.0.0.0:5000 (debug=False)
2026-05-09 01:18:16 | INFO     | trading_bot | GET / — rendering order form
2026-05-09 01:19:01 | INFO     | trading_bot | POST /place — form data: {'symbol': 'BTCUSDT', 'side': 'BUY', 'order_type': 'MARKET', 'quantity': '0.001', 'price': None}
2026-05-09 01:19:01 | DEBUG    | trading_bot | Symbol validated: BTCUSDT
2026-05-09 01:19:01 | DEBUG    | trading_bot | Side validated: BUY
2026-05-09 01:19:01 | DEBUG    | trading_bot | Order type validated: MARKET
2026-05-09 01:19:01 | DEBUG    | trading_bot | Quantity validated: 0.001
2026-05-09 01:19:01 | INFO     | trading_bot | All inputs validated successfully: {'symbol': 'BTCUSDT', 'side': 'BUY', 'order_type': 'MARKET', 'quantity': 0.001, 'price': None}
2026-05-09 01:19:01 | DEBUG    | trading_bot | Built order params: {'symbol': 'BTCUSDT', 'side': 'BUY', 'type': 'MARKET', 'quantity': 0.001}
2026-05-09 01:19:01 | INFO     | trading_bot | Placing BUY MARKET order | symbol=BTCUSDT | qty=0.001 | price=None
2026-05-09 01:19:01 | ERROR    | trading_bot | Binance API error: API-key format invalid. (code: -2014, status: 401)
2026-05-09 01:19:45 | INFO     | trading_bot | POST /place — form data: {'symbol': 'BTCUSDT', 'side': 'BUY', 'order_type': 'MARKET', 'quantity': '0.001', 'price': None}
2026-05-09 01:19:45 | DEBUG    | trading_bot | Symbol validated: BTCUSDT
2026-05-09 01:19:45 | DEBUG    | trading_bot | Side validated: BUY
2026-05-09 01:19:45 | DEBUG    | trading_bot | Order type validated: MARKET
2026-05-09 01:19:45 | DEBUG    | trading_bot | Quantity validated: 0.001
2026-05-09 01:19:45 | INFO     | trading_bot | All inputs validated successfully: {'symbol': 'BTCUSDT', 'side': 'BUY', 'order_type': 'MARKET', 'quantity': 0.001, 'price': None}
2026-05-09 01:19:45 | DEBUG    | trading_bot | Built order params: {'symbol': 'BTCUSDT', 'side': 'BUY', 'type': 'MARKET', 'quantity': 0.001}
2026-05-09 01:19:45 | INFO     | trading_bot | Placing BUY MARKET order | symbol=BTCUSDT | qty=0.001 | price=None
2026-05-09 01:19:45 | ERROR    | trading_bot | Binance API error: API-key format invalid. (code: -2014, status: 401)
2026-05-09 01:19:53 | INFO     | trading_bot | POST /place — form data: {'symbol': 'BTCUSDT', 'side': 'BUY', 'order_type': 'MARKET', 'quantity': '0.001', 'price': None}
2026-05-09 01:19:53 | DEBUG    | trading_bot | Symbol validated: BTCUSDT
2026-05-09 01:19:53 | DEBUG    | trading_bot | Side validated: BUY
2026-05-09 01:19:53 | DEBUG    | trading_bot | Order type validated: MARKET
2026-05-09 01:19:53 | DEBUG    | trading_bot | Quantity validated: 0.001
2026-05-09 01:19:53 | INFO     | trading_bot | All inputs validated successfully: {'symbol': 'BTCUSDT', 'side': 'BUY', 'order_type': 'MARKET', 'quantity': 0.001, 'price': None}
2026-05-09 01:19:53 | DEBUG    | trading_bot | Built order params: {'symbol': 'BTCUSDT', 'side': 'BUY', 'type': 'MARKET', 'quantity': 0.001}
2026-05-09 01:19:53 | INFO     | trading_bot | Placing BUY MARKET order | symbol=BTCUSDT | qty=0.001 | price=None
2026-05-09 01:19:53 | ERROR    | trading_bot | Binance API error: API-key format invalid. (code: -2014, status: 401)
2026-05-09 01:20:46 | INFO     | trading_bot | POST /place — form data: {'symbol': 'BTCUSDT', 'side': 'BUY', 'order_type': 'MARKET', 'quantity': '0.001', 'price': None}
2026-05-09 01:20:46 | DEBUG    | trading_bot | Symbol validated: BTCUSDT
2026-05-09 01:20:46 | DEBUG    | trading_bot | Side validated: BUY
2026-05-09 01:20:46 | DEBUG    | trading_bot | Order type validated: MARKET
2026-05-09 01:20:46 | DEBUG    | trading_bot | Quantity validated: 0.001
2026-05-09 01:20:46 | INFO     | trading_bot | All inputs validated successfully: {'symbol': 'BTCUSDT', 'side': 'BUY', 'order_type': 'MARKET', 'quantity': 0.001, 'price': None}
2026-05-09 01:20:46 | DEBUG    | trading_bot | Built order params: {'symbol': 'BTCUSDT', 'side': 'BUY', 'type': 'MARKET', 'quantity': 0.001}
2026-05-09 01:20:46 | INFO     | trading_bot | Placing BUY MARKET order | symbol=BTCUSDT | qty=0.001 | price=None
2026-05-09 01:20:46 | ERROR    | trading_bot | Binance API error: API-key format invalid. (code: -2014, status: 401)
2026-05-09 01:25:37 | INFO     | trading_bot | Logging initialised. Log file: C:\Users\shail\OneDrive\Documents\Primetrade\trading_bot\trading_bot.log
2026-05-09 01:25:37 | INFO     | trading_bot | Starting Primetrade web UI on http://0.0.0.0:5000 (debug=False)
2026-05-09 01:26:45 | INFO     | trading_bot | POST /place — form data: {'symbol': 'BTCUSDT', 'side': 'BUY', 'order_type': 'MARKET', 'quantity': '0.001', 'price': None}
2026-05-09 01:26:45 | DEBUG    | trading_bot | Symbol validated: BTCUSDT
2026-05-09 01:26:45 | DEBUG    | trading_bot | Side validated: BUY
2026-05-09 01:26:45 | DEBUG    | trading_bot | Order type validated: MARKET
2026-05-09 01:26:45 | DEBUG    | trading_bot | Quantity validated: 0.001
2026-05-09 01:26:45 | INFO     | trading_bot | All inputs validated successfully: {'symbol': 'BTCUSDT', 'side': 'BUY', 'order_type': 'MARKET', 'quantity': 0.001, 'price': None}
2026-05-09 01:26:45 | DEBUG    | trading_bot | Built order params: {'symbol': 'BTCUSDT', 'side': 'BUY', 'type': 'MARKET', 'quantity': 0.001}
2026-05-09 01:26:45 | INFO     | trading_bot | Placing BUY MARKET order | symbol=BTCUSDT | qty=0.001 | price=None
2026-05-09 01:26:45 | DEBUG    | trading_bot | Credentials loaded via python-dotenv from C:\Users\shail\OneDrive\Documents\Primetrade\trading_bot\.env
2026-05-09 01:26:45 | INFO     | trading_bot | Initialising Binance Futures Testnet client (key ends ...GqeUiv).
2026-05-09 01:26:46 | INFO     | trading_bot | Connected to Futures Testnet. Server time: {'serverTime': 1778270205815}
2026-05-09 01:26:46 | INFO     | trading_bot | Order response received: {'orderId': 13121612796, 'symbol': 'BTCUSDT', 'status': 'NEW', 'clientOrderId': 'x-Cb7ytekJf90a5d1460d7bd387e78e9', 'price': '0.00', 'avgPrice': '0.00', 'origQty': '0.0010', 'executedQty': '0.0000', 'cumQty': '0.0000', 'cumQuote': '0.000000', 'timeInForce': 'GTC', 'type': 'MARKET', 'reduceOnly': False, 'closePosition': False, 'side': 'BUY', 'positionSide': 'BOTH', 'stopPrice': '0.00', 'workingType': 'CONTRACT_PRICE', 'priceProtect': False, 'origType': 'MARKET', 'priceMatch': 'NONE', 'selfTradePreventionMode': 'EXPIRE_MAKER', 'goodTillDate': 0, 'updateTime': 1778270206085}
2026-05-09 01:26:46 | INFO     | trading_bot | Order placed successfully: orderId=13121612796, status=NEW
2026-05-09 01:27:08 | INFO     | trading_bot | GET / — rendering order form
2026-05-09 01:27:33 | INFO     | trading_bot | POST /place — form data: {'symbol': 'BTCUSDT', 'side': 'BUY', 'order_type': 'MARKET', 'quantity': '0.001', 'price': None}
2026-05-09 01:27:33 | DEBUG    | trading_bot | Symbol validated: BTCUSDT
2026-05-09 01:27:33 | DEBUG    | trading_bot | Side validated: BUY
2026-05-09 01:27:33 | DEBUG    | trading_bot | Order type validated: MARKET
2026-05-09 01:27:33 | DEBUG    | trading_bot | Quantity validated: 0.001
2026-05-09 01:27:33 | INFO     | trading_bot | All inputs validated successfully: {'symbol': 'BTCUSDT', 'side': 'BUY', 'order_type': 'MARKET', 'quantity': 0.001, 'price': None}
2026-05-09 01:27:33 | DEBUG    | trading_bot | Built order params: {'symbol': 'BTCUSDT', 'side': 'BUY', 'type': 'MARKET', 'quantity': 0.001}
2026-05-09 01:27:33 | INFO     | trading_bot | Placing BUY MARKET order | symbol=BTCUSDT | qty=0.001 | price=None
2026-05-09 01:27:33 | INFO     | trading_bot | Order response received: {'orderId': 13121614731, 'symbol': 'BTCUSDT', 'status': 'NEW', 'clientOrderId': 'x-Cb7ytekJ9b20bc002d76c23f907b3d', 'price': '0.00', 'avgPrice': '0.00', 'origQty': '0.0010', 'executedQty': '0.0000', 'cumQty': '0.0000', 'cumQuote': '0.000000', 'timeInForce': 'GTC', 'type': 'MARKET', 'reduceOnly': False, 'closePosition': False, 'side': 'BUY', 'positionSide': 'BOTH', 'stopPrice': '0.00', 'workingType': 'CONTRACT_PRICE', 'priceProtect': False, 'origType': 'MARKET', 'priceMatch': 'NONE', 'selfTradePreventionMode': 'EXPIRE_MAKER', 'goodTillDate': 0, 'updateTime': 1778270253490}
2026-05-09 01:27:33 | INFO     | trading_bot | Order placed successfully: orderId=13121614731, status=NEW
2026-05-09 01:28:16 | INFO     | trading_bot | GET / — rendering order form
2026-05-09 01:33:25 | INFO     | trading_bot | POST /place — form data: {'symbol': 'ETHUSDT', 'side': 'BUY', 'order_type': 'MARKET', 'quantity': '1', 'price': None}
2026-05-09 01:33:25 | DEBUG    | trading_bot | Symbol validated: ETHUSDT
2026-05-09 01:33:25 | DEBUG    | trading_bot | Side validated: BUY
2026-05-09 01:33:25 | DEBUG    | trading_bot | Order type validated: MARKET
2026-05-09 01:33:25 | DEBUG    | trading_bot | Quantity validated: 1.0
2026-05-09 01:33:25 | INFO     | trading_bot | All inputs validated successfully: {'symbol': 'ETHUSDT', 'side': 'BUY', 'order_type': 'MARKET', 'quantity': 1.0, 'price': None}
2026-05-09 01:33:25 | DEBUG    | trading_bot | Built order params: {'symbol': 'ETHUSDT', 'side': 'BUY', 'type': 'MARKET', 'quantity': 1.0}
2026-05-09 01:33:25 | INFO     | trading_bot | Placing BUY MARKET order | symbol=ETHUSDT | qty=1.0 | price=None
2026-05-09 01:33:26 | INFO     | trading_bot | Order response received: {'orderId': 8692386875, 'symbol': 'ETHUSDT', 'status': 'NEW', 'clientOrderId': 'x-Cb7ytekJa7b4423fa8169a1b7e1993', 'price': '0.00', 'avgPrice': '0.00', 'origQty': '1.000', 'executedQty': '0.000', 'cumQty': '0.000', 'cumQuote': '0.00000', 'timeInForce': 'GTC', 'type': 'MARKET', 'reduceOnly': False, 'closePosition': False, 'side': 'BUY', 'positionSide': 'BOTH', 'stopPrice': '0.00', 'workingType': 'CONTRACT_PRICE', 'priceProtect': False, 'origType': 'MARKET', 'priceMatch': 'NONE', 'selfTradePreventionMode': 'EXPIRE_MAKER', 'goodTillDate': 0, 'updateTime': 1778270605809}
2026-05-09 01:33:26 | INFO     | trading_bot | Order placed successfully: orderId=8692386875, status=NEW
2026-05-09 01:33:58 | INFO     | trading_bot | POST /place — form data: {'symbol': 'BTCUSDT', 'side': 'SELL', 'order_type': 'MARKET', 'quantity': '0.5', 'price': None}
2026-05-09 01:33:58 | DEBUG    | trading_bot | Symbol validated: BTCUSDT
2026-05-09 01:33:58 | DEBUG    | trading_bot | Side validated: SELL
2026-05-09 01:33:58 | DEBUG    | trading_bot | Order type validated: MARKET
2026-05-09 01:33:58 | DEBUG    | trading_bot | Quantity validated: 0.5
2026-05-09 01:33:58 | INFO     | trading_bot | All inputs validated successfully: {'symbol': 'BTCUSDT', 'side': 'SELL', 'order_type': 'MARKET', 'quantity': 0.5, 'price': None}
2026-05-09 01:33:58 | DEBUG    | trading_bot | Built order params: {'symbol': 'BTCUSDT', 'side': 'SELL', 'type': 'MARKET', 'quantity': 0.5}
2026-05-09 01:33:58 | INFO     | trading_bot | Placing SELL MARKET order | symbol=BTCUSDT | qty=0.5 | price=None
2026-05-09 01:33:58 | INFO     | trading_bot | Order response received: {'orderId': 13121629566, 'symbol': 'BTCUSDT', 'status': 'NEW', 'clientOrderId': 'x-Cb7ytekJcba552884e0e504988c93e', 'price': '0.00', 'avgPrice': '0.00', 'origQty': '0.5000', 'executedQty': '0.0000', 'cumQty': '0.0000', 'cumQuote': '0.000000', 'timeInForce': 'GTC', 'type': 'MARKET', 'reduceOnly': False, 'closePosition': False, 'side': 'SELL', 'positionSide': 'BOTH', 'stopPrice': '0.00', 'workingType': 'CONTRACT_PRICE', 'priceProtect': False, 'origType': 'MARKET', 'priceMatch': 'NONE', 'selfTradePreventionMode': 'EXPIRE_MAKER', 'goodTillDate': 0, 'updateTime': 1778270638534}
2026-05-09 01:33:58 | INFO     | trading_bot | Order placed successfully: orderId=13121629566, status=NEW
2026-05-09 01:36:23 | INFO     | trading_bot | POST /place — form data: {'symbol': 'BTCUSDT', 'side': 'SELL', 'order_type': 'MARKET', 'quantity': '2.0', 'price': None}
2026-05-09 01:36:23 | DEBUG    | trading_bot | Symbol validated: BTCUSDT
2026-05-09 01:36:23 | DEBUG    | trading_bot | Side validated: SELL
2026-05-09 01:36:23 | DEBUG    | trading_bot | Order type validated: MARKET
2026-05-09 01:36:23 | DEBUG    | trading_bot | Quantity validated: 2.0
2026-05-09 01:36:23 | INFO     | trading_bot | All inputs validated successfully: {'symbol': 'BTCUSDT', 'side': 'SELL', 'order_type': 'MARKET', 'quantity': 2.0, 'price': None}
2026-05-09 01:36:23 | DEBUG    | trading_bot | Built order params: {'symbol': 'BTCUSDT', 'side': 'SELL', 'type': 'MARKET', 'quantity': 2.0}
2026-05-09 01:36:23 | INFO     | trading_bot | Placing SELL MARKET order | symbol=BTCUSDT | qty=2.0 | price=None
2026-05-09 01:36:23 | ERROR    | trading_bot | Binance API error: Margin is insufficient. (code: -2019, status: 400)
2026-05-09 01:36:24 | INFO     | trading_bot | POST /place — form data: {'symbol': 'BTCUSDT', 'side': 'SELL', 'order_type': 'MARKET', 'quantity': '2.0', 'price': None}
2026-05-09 01:36:24 | DEBUG    | trading_bot | Symbol validated: BTCUSDT
2026-05-09 01:36:24 | DEBUG    | trading_bot | Side validated: SELL
2026-05-09 01:36:24 | DEBUG    | trading_bot | Order type validated: MARKET
2026-05-09 01:36:24 | DEBUG    | trading_bot | Quantity validated: 2.0
2026-05-09 01:36:24 | INFO     | trading_bot | All inputs validated successfully: {'symbol': 'BTCUSDT', 'side': 'SELL', 'order_type': 'MARKET', 'quantity': 2.0, 'price': None}
2026-05-09 01:36:24 | DEBUG    | trading_bot | Built order params: {'symbol': 'BTCUSDT', 'side': 'SELL', 'type': 'MARKET', 'quantity': 2.0}
2026-05-09 01:36:24 | INFO     | trading_bot | Placing SELL MARKET order | symbol=BTCUSDT | qty=2.0 | price=None
2026-05-09 01:36:24 | ERROR    | trading_bot | Binance API error: Margin is insufficient. (code: -2019, status: 400)
2026-05-09 01:36:25 | INFO     | trading_bot | POST /place — form data: {'symbol': 'BTCUSDT', 'side': 'SELL', 'order_type': 'MARKET', 'quantity': '2.0', 'price': None}
2026-05-09 01:36:25 | DEBUG    | trading_bot | Symbol validated: BTCUSDT
2026-05-09 01:36:25 | DEBUG    | trading_bot | Side validated: SELL
2026-05-09 01:36:25 | DEBUG    | trading_bot | Order type validated: MARKET
2026-05-09 01:36:25 | DEBUG    | trading_bot | Quantity validated: 2.0
2026-05-09 01:36:25 | INFO     | trading_bot | All inputs validated successfully: {'symbol': 'BTCUSDT', 'side': 'SELL', 'order_type': 'MARKET', 'quantity': 2.0, 'price': None}
2026-05-09 01:36:25 | DEBUG    | trading_bot | Built order params: {'symbol': 'BTCUSDT', 'side': 'SELL', 'type': 'MARKET', 'quantity': 2.0}
2026-05-09 01:36:25 | INFO     | trading_bot | Placing SELL MARKET order | symbol=BTCUSDT | qty=2.0 | price=None
2026-05-09 01:36:25 | ERROR    | trading_bot | Binance API error: Margin is insufficient. (code: -2019, status: 400)
2026-05-09 01:36:26 | INFO     | trading_bot | POST /place — form data: {'symbol': 'BTCUSDT', 'side': 'SELL', 'order_type': 'MARKET', 'quantity': '2.0', 'price': None}
2026-05-09 01:36:26 | DEBUG    | trading_bot | Symbol validated: BTCUSDT
2026-05-09 01:36:26 | DEBUG    | trading_bot | Side validated: SELL
2026-05-09 01:36:26 | DEBUG    | trading_bot | Order type validated: MARKET
2026-05-09 01:36:26 | DEBUG    | trading_bot | Quantity validated: 2.0
2026-05-09 01:36:26 | INFO     | trading_bot | All inputs validated successfully: {'symbol': 'BTCUSDT', 'side': 'SELL', 'order_type': 'MARKET', 'quantity': 2.0, 'price': None}
2026-05-09 01:36:26 | DEBUG    | trading_bot | Built order params: {'symbol': 'BTCUSDT', 'side': 'SELL', 'type': 'MARKET', 'quantity': 2.0}
2026-05-09 01:36:26 | INFO     | trading_bot | Placing SELL MARKET order | symbol=BTCUSDT | qty=2.0 | price=None
2026-05-09 01:36:26 | ERROR    | trading_bot | Binance API error: Margin is insufficient. (code: -2019, status: 400)
2026-05-09 01:36:26 | INFO     | trading_bot | POST /place — form data: {'symbol': 'BTCUSDT', 'side': 'SELL', 'order_type': 'MARKET', 'quantity': '2.0', 'price': None}
2026-05-09 01:36:26 | DEBUG    | trading_bot | Symbol validated: BTCUSDT
2026-05-09 01:36:26 | DEBUG    | trading_bot | Side validated: SELL
2026-05-09 01:36:26 | DEBUG    | trading_bot | Order type validated: MARKET
2026-05-09 01:36:26 | DEBUG    | trading_bot | Quantity validated: 2.0
2026-05-09 01:36:26 | INFO     | trading_bot | All inputs validated successfully: {'symbol': 'BTCUSDT', 'side': 'SELL', 'order_type': 'MARKET', 'quantity': 2.0, 'price': None}
2026-05-09 01:36:26 | DEBUG    | trading_bot | Built order params: {'symbol': 'BTCUSDT', 'side': 'SELL', 'type': 'MARKET', 'quantity': 2.0}
2026-05-09 01:36:26 | INFO     | trading_bot | Placing SELL MARKET order | symbol=BTCUSDT | qty=2.0 | price=None
2026-05-09 01:36:27 | ERROR    | trading_bot | Binance API error: Margin is insufficient. (code: -2019, status: 400)
2026-05-09 01:36:34 | INFO     | trading_bot | POST /place — form data: {'symbol': 'BTCUSDT', 'side': 'SELL', 'order_type': 'MARKET', 'quantity': '0.0001', 'price': None}
2026-05-09 01:36:34 | DEBUG    | trading_bot | Symbol validated: BTCUSDT
2026-05-09 01:36:34 | DEBUG    | trading_bot | Side validated: SELL
2026-05-09 01:36:34 | DEBUG    | trading_bot | Order type validated: MARKET
2026-05-09 01:36:34 | DEBUG    | trading_bot | Quantity validated: 0.0001
2026-05-09 01:36:34 | INFO     | trading_bot | All inputs validated successfully: {'symbol': 'BTCUSDT', 'side': 'SELL', 'order_type': 'MARKET', 'quantity': 0.0001, 'price': None}
2026-05-09 01:36:34 | DEBUG    | trading_bot | Built order params: {'symbol': 'BTCUSDT', 'side': 'SELL', 'type': 'MARKET', 'quantity': 0.0001}
2026-05-09 01:36:34 | INFO     | trading_bot | Placing SELL MARKET order | symbol=BTCUSDT | qty=0.0001 | price=None
2026-05-09 01:36:34 | ERROR    | trading_bot | Binance API error: Order's notional must be no smaller than 50 (unless you choose reduce only). (code: -4164, status: 400)
2026-05-09 01:36:36 | INFO     | trading_bot | POST /place — form data: {'symbol': 'BTCUSDT', 'side': 'SELL', 'order_type': 'MARKET', 'quantity': '0.0001', 'price': None}
2026-05-09 01:36:36 | DEBUG    | trading_bot | Symbol validated: BTCUSDT
2026-05-09 01:36:36 | DEBUG    | trading_bot | Side validated: SELL
2026-05-09 01:36:36 | DEBUG    | trading_bot | Order type validated: MARKET
2026-05-09 01:36:36 | DEBUG    | trading_bot | Quantity validated: 0.0001
2026-05-09 01:36:36 | INFO     | trading_bot | All inputs validated successfully: {'symbol': 'BTCUSDT', 'side': 'SELL', 'order_type': 'MARKET', 'quantity': 0.0001, 'price': None}
2026-05-09 01:36:36 | DEBUG    | trading_bot | Built order params: {'symbol': 'BTCUSDT', 'side': 'SELL', 'type': 'MARKET', 'quantity': 0.0001}
2026-05-09 01:36:36 | INFO     | trading_bot | Placing SELL MARKET order | symbol=BTCUSDT | qty=0.0001 | price=None
2026-05-09 01:36:36 | ERROR    | trading_bot | Binance API error: Order's notional must be no smaller than 50 (unless you choose reduce only). (code: -4164, status: 400)
2026-05-09 01:36:45 | INFO     | trading_bot | Logging initialised. Log file: C:\Users\shail\OneDrive\Documents\Primetrade\trading_bot\trading_bot.log
2026-05-09 01:36:45 | DEBUG    | trading_bot | Credentials loaded via python-dotenv from C:\Users\shail\OneDrive\Documents\Primetrade\trading_bot\.env
2026-05-09 01:36:45 | INFO     | trading_bot | Initialising Binance Futures Testnet client (key ends ...GqeUiv).
2026-05-09 01:36:45 | INFO     | trading_bot | Connected to Futures Testnet. Server time: {'serverTime': 1778270805692}
2026-05-09 01:39:05 | INFO     | trading_bot | Logging initialised. Log file: C:\Users\shail\OneDrive\Documents\Primetrade\trading_bot\trading_bot.log
2026-05-09 01:39:05 | INFO     | trading_bot | Starting Primetrade web UI on http://0.0.0.0:5000 (debug=False)
2026-05-09 01:39:40 | INFO     | trading_bot | GET / — rendering order form
2026-05-09 01:39:40 | DEBUG    | trading_bot | Credentials loaded via python-dotenv from C:\Users\shail\OneDrive\Documents\Primetrade\trading_bot\.env
2026-05-09 01:39:40 | INFO     | trading_bot | Initialising Binance Futures Testnet client (key ends ...GqeUiv).
2026-05-09 01:39:41 | INFO     | trading_bot | Connected to Futures Testnet. Server time: {'serverTime': 1778270981067}
2026-05-09 01:40:22 | INFO     | trading_bot | POST /place — form data: {'symbol': 'BTCUSDT', 'side': 'BUY', 'order_type': 'MARKET', 'quantity': '0.001', 'price': None}
2026-05-09 01:40:22 | DEBUG    | trading_bot | Symbol validated: BTCUSDT
2026-05-09 01:40:22 | DEBUG    | trading_bot | Side validated: BUY
2026-05-09 01:40:22 | DEBUG    | trading_bot | Order type validated: MARKET
2026-05-09 01:40:22 | DEBUG    | trading_bot | Quantity validated: 0.001
2026-05-09 01:40:22 | INFO     | trading_bot | All inputs validated successfully: {'symbol': 'BTCUSDT', 'side': 'BUY', 'order_type': 'MARKET', 'quantity': 0.001, 'price': None}
2026-05-09 01:40:22 | DEBUG    | trading_bot | Built order params: {'symbol': 'BTCUSDT', 'side': 'BUY', 'type': 'MARKET', 'quantity': 0.001}
2026-05-09 01:40:22 | INFO     | trading_bot | Placing BUY MARKET order | symbol=BTCUSDT | qty=0.001 | price=None
2026-05-09 01:40:22 | INFO     | trading_bot | Order response received: {'orderId': 13121644773, 'symbol': 'BTCUSDT', 'status': 'NEW', 'clientOrderId': 'x-Cb7ytekJ18cae4bbd7e0a4f8328476', 'price': '0.00', 'avgPrice': '0.00', 'origQty': '0.0010', 'executedQty': '0.0000', 'cumQty': '0.0000', 'cumQuote': '0.000000', 'timeInForce': 'GTC', 'type': 'MARKET', 'reduceOnly': False, 'closePosition': False, 'side': 'BUY', 'positionSide': 'BOTH', 'stopPrice': '0.00', 'workingType': 'CONTRACT_PRICE', 'priceProtect': False, 'origType': 'MARKET', 'priceMatch': 'NONE', 'selfTradePreventionMode': 'EXPIRE_MAKER', 'goodTillDate': 0, 'updateTime': 1778271022040}
2026-05-09 01:40:22 | INFO     | trading_bot | Order placed successfully: orderId=13121644773, status=NEW
2026-05-09 01:41:56 | INFO     | trading_bot | POST /place — form data: {'symbol': 'BTCUSDT', 'side': 'SELL', 'order_type': 'MARKET', 'quantity': '0.001', 'price': None}
2026-05-09 01:41:56 | DEBUG    | trading_bot | Symbol validated: BTCUSDT
2026-05-09 01:41:56 | DEBUG    | trading_bot | Side validated: SELL
2026-05-09 01:41:56 | DEBUG    | trading_bot | Order type validated: MARKET
2026-05-09 01:41:56 | DEBUG    | trading_bot | Quantity validated: 0.001
2026-05-09 01:41:56 | INFO     | trading_bot | All inputs validated successfully: {'symbol': 'BTCUSDT', 'side': 'SELL', 'order_type': 'MARKET', 'quantity': 0.001, 'price': None}
2026-05-09 01:41:56 | DEBUG    | trading_bot | Built order params: {'symbol': 'BTCUSDT', 'side': 'SELL', 'type': 'MARKET', 'quantity': 0.001}
2026-05-09 01:41:56 | INFO     | trading_bot | Placing SELL MARKET order | symbol=BTCUSDT | qty=0.001 | price=None
2026-05-09 01:41:56 | INFO     | trading_bot | Order response received: {'orderId': 13121648870, 'symbol': 'BTCUSDT', 'status': 'NEW', 'clientOrderId': 'x-Cb7ytekJc45341ad5b21b4d4da5bbe', 'price': '0.00', 'avgPrice': '0.00', 'origQty': '0.0010', 'executedQty': '0.0000', 'cumQty': '0.0000', 'cumQuote': '0.000000', 'timeInForce': 'GTC', 'type': 'MARKET', 'reduceOnly': False, 'closePosition': False, 'side': 'SELL', 'positionSide': 'BOTH', 'stopPrice': '0.00', 'workingType': 'CONTRACT_PRICE', 'priceProtect': False, 'origType': 'MARKET', 'priceMatch': 'NONE', 'selfTradePreventionMode': 'EXPIRE_MAKER', 'goodTillDate': 0, 'updateTime': 1778271116691}
2026-05-09 01:41:56 | INFO     | trading_bot | Order placed successfully: orderId=13121648870, status=NEW
2026-05-09 01:42:09 | INFO     | trading_bot | POST /place — form data: {'symbol': 'BTCUSDT', 'side': 'SELL', 'order_type': 'MARKET', 'quantity': '0.001', 'price': None}
2026-05-09 01:42:09 | DEBUG    | trading_bot | Symbol validated: BTCUSDT
2026-05-09 01:42:09 | DEBUG    | trading_bot | Side validated: SELL
2026-05-09 01:42:09 | DEBUG    | trading_bot | Order type validated: MARKET
2026-05-09 01:42:09 | DEBUG    | trading_bot | Quantity validated: 0.001
2026-05-09 01:42:09 | INFO     | trading_bot | All inputs validated successfully: {'symbol': 'BTCUSDT', 'side': 'SELL', 'order_type': 'MARKET', 'quantity': 0.001, 'price': None}
2026-05-09 01:42:09 | DEBUG    | trading_bot | Built order params: {'symbol': 'BTCUSDT', 'side': 'SELL', 'type': 'MARKET', 'quantity': 0.001}
2026-05-09 01:42:09 | INFO     | trading_bot | Placing SELL MARKET order | symbol=BTCUSDT | qty=0.001 | price=None
2026-05-09 01:42:10 | INFO     | trading_bot | Order response received: {'orderId': 13121649366, 'symbol': 'BTCUSDT', 'status': 'NEW', 'clientOrderId': 'x-Cb7ytekJb785a916fd3f2262ac968c', 'price': '0.00', 'avgPrice': '0.00', 'origQty': '0.0010', 'executedQty': '0.0000', 'cumQty': '0.0000', 'cumQuote': '0.000000', 'timeInForce': 'GTC', 'type': 'MARKET', 'reduceOnly': False, 'closePosition': False, 'side': 'SELL', 'positionSide': 'BOTH', 'stopPrice': '0.00', 'workingType': 'CONTRACT_PRICE', 'priceProtect': False, 'origType': 'MARKET', 'priceMatch': 'NONE', 'selfTradePreventionMode': 'EXPIRE_MAKER', 'goodTillDate': 0, 'updateTime': 1778271129935}
2026-05-09 01:42:10 | INFO     | trading_bot | Order placed successfully: orderId=13121649366, status=NEW
2026-05-09 01:49:23 | INFO     | trading_bot | POST /place — form data: {'symbol': 'BTCUSDT', 'side': 'SELL', 'order_type': 'MARKET', 'quantity': '0.0001', 'price': None}
2026-05-09 01:49:23 | DEBUG    | trading_bot | Symbol validated: BTCUSDT
2026-05-09 01:49:23 | DEBUG    | trading_bot | Side validated: SELL
2026-05-09 01:49:23 | DEBUG    | trading_bot | Order type validated: MARKET
2026-05-09 01:49:23 | DEBUG    | trading_bot | Quantity validated: 0.0001
2026-05-09 01:49:23 | INFO     | trading_bot | All inputs validated successfully: {'symbol': 'BTCUSDT', 'side': 'SELL', 'order_type': 'MARKET', 'quantity': 0.0001, 'price': None}
2026-05-09 01:49:23 | DEBUG    | trading_bot | Built order params: {'symbol': 'BTCUSDT', 'side': 'SELL', 'type': 'MARKET', 'quantity': 0.0001}
2026-05-09 01:49:23 | INFO     | trading_bot | Placing SELL MARKET order | symbol=BTCUSDT | qty=0.0001 | price=None
2026-05-09 01:49:23 | ERROR    | trading_bot | Binance API error: Order's notional must be no smaller than 50 (unless you choose reduce only). (code: -4164, status: 400)
2026-05-09 01:49:25 | INFO     | trading_bot | POST /place — form data: {'symbol': 'BTCUSDT', 'side': 'SELL', 'order_type': 'MARKET', 'quantity': '0.0001', 'price': None}
2026-05-09 01:49:25 | DEBUG    | trading_bot | Symbol validated: BTCUSDT
2026-05-09 01:49:25 | DEBUG    | trading_bot | Side validated: SELL
2026-05-09 01:49:26 | DEBUG    | trading_bot | Order type validated: MARKET
2026-05-09 01:49:26 | DEBUG    | trading_bot | Quantity validated: 0.0001
2026-05-09 01:49:26 | INFO     | trading_bot | All inputs validated successfully: {'symbol': 'BTCUSDT', 'side': 'SELL', 'order_type': 'MARKET', 'quantity': 0.0001, 'price': None}
2026-05-09 01:49:26 | DEBUG    | trading_bot | Built order params: {'symbol': 'BTCUSDT', 'side': 'SELL', 'type': 'MARKET', 'quantity': 0.0001}
2026-05-09 01:49:26 | INFO     | trading_bot | Placing SELL MARKET order | symbol=BTCUSDT | qty=0.0001 | price=None
2026-05-09 01:49:26 | ERROR    | trading_bot | Binance API error: Order's notional must be no smaller than 50 (unless you choose reduce only). (code: -4164, status: 400)
2026-05-09 01:49:26 | INFO     | trading_bot | POST /place — form data: {'symbol': 'BTCUSDT', 'side': 'SELL', 'order_type': 'MARKET', 'quantity': '0.0001', 'price': None}
2026-05-09 01:49:26 | DEBUG    | trading_bot | Symbol validated: BTCUSDT
2026-05-09 01:49:26 | DEBUG    | trading_bot | Side validated: SELL
2026-05-09 01:49:26 | DEBUG    | trading_bot | Order type validated: MARKET
2026-05-09 01:49:26 | DEBUG    | trading_bot | Quantity validated: 0.0001
2026-05-09 01:49:27 | INFO     | trading_bot | All inputs validated successfully: {'symbol': 'BTCUSDT', 'side': 'SELL', 'order_type': 'MARKET', 'quantity': 0.0001, 'price': None}
2026-05-09 01:49:27 | DEBUG    | trading_bot | Built order params: {'symbol': 'BTCUSDT', 'side': 'SELL', 'type': 'MARKET', 'quantity': 0.0001}
2026-05-09 01:49:27 | INFO     | trading_bot | Placing SELL MARKET order | symbol=BTCUSDT | qty=0.0001 | price=None
2026-05-09 01:49:27 | ERROR    | trading_bot | Binance API error: Order's notional must be no smaller than 50 (unless you choose reduce only). (code: -4164, status: 400)
2026-05-09 01:49:28 | INFO     | trading_bot | POST /place — form data: {'symbol': 'BTCUSDT', 'side': 'SELL', 'order_type': 'MARKET', 'quantity': '0.0001', 'price': None}
2026-05-09 01:49:28 | DEBUG    | trading_bot | Symbol validated: BTCUSDT
2026-05-09 01:49:28 | DEBUG    | trading_bot | Side validated: SELL
2026-05-09 01:49:28 | DEBUG    | trading_bot | Order type validated: MARKET
2026-05-09 01:49:28 | DEBUG    | trading_bot | Quantity validated: 0.0001
2026-05-09 01:49:28 | INFO     | trading_bot | All inputs validated successfully: {'symbol': 'BTCUSDT', 'side': 'SELL', 'order_type': 'MARKET', 'quantity': 0.0001, 'price': None}
2026-05-09 01:49:28 | DEBUG    | trading_bot | Built order params: {'symbol': 'BTCUSDT', 'side': 'SELL', 'type': 'MARKET', 'quantity': 0.0001}
2026-05-09 01:49:28 | INFO     | trading_bot | Placing SELL MARKET order | symbol=BTCUSDT | qty=0.0001 | price=None
2026-05-09 01:49:28 | ERROR    | trading_bot | Binance API error: Order's notional must be no smaller than 50 (unless you choose reduce only). (code: -4164, status: 400)
2026-05-09 01:49:28 | INFO     | trading_bot | POST /place — form data: {'symbol': 'BTCUSDT', 'side': 'SELL', 'order_type': 'MARKET', 'quantity': '0.0001', 'price': None}
2026-05-09 01:49:28 | DEBUG    | trading_bot | Symbol validated: BTCUSDT
2026-05-09 01:49:28 | DEBUG    | trading_bot | Side validated: SELL
2026-05-09 01:49:28 | DEBUG    | trading_bot | Order type validated: MARKET
2026-05-09 01:49:28 | DEBUG    | trading_bot | Quantity validated: 0.0001
2026-05-09 01:49:28 | INFO     | trading_bot | All inputs validated successfully: {'symbol': 'BTCUSDT', 'side': 'SELL', 'order_type': 'MARKET', 'quantity': 0.0001, 'price': None}
2026-05-09 01:49:28 | DEBUG    | trading_bot | Built order params: {'symbol': 'BTCUSDT', 'side': 'SELL', 'type': 'MARKET', 'quantity': 0.0001}
2026-05-09 01:49:28 | INFO     | trading_bot | Placing SELL MARKET order | symbol=BTCUSDT | qty=0.0001 | price=None
2026-05-09 01:49:28 | ERROR    | trading_bot | Binance API error: Order's notional must be no smaller than 50 (unless you choose reduce only). (code: -4164, status: 400)
2026-05-09 01:51:02 | INFO     | trading_bot | Logging initialised. Log file: C:\Users\shail\OneDrive\Documents\Primetrade\trading_bot\trading_bot.log
2026-05-09 01:51:02 | INFO     | trading_bot | Starting Primetrade web UI on http://0.0.0.0:5000 (debug=False)
2026-05-09 01:51:13 | INFO     | trading_bot | GET / — rendering order form
2026-05-09 01:51:24 | INFO     | trading_bot | POST /place — form data: {'symbol': 'ETHUSDT', 'side': 'BUY', 'order_type': 'MARKET', 'quantity': '1', 'price': None}
2026-05-09 01:51:24 | DEBUG    | trading_bot | Symbol validated: ETHUSDT
2026-05-09 01:51:24 | DEBUG    | trading_bot | Side validated: BUY
2026-05-09 01:51:24 | DEBUG    | trading_bot | Order type validated: MARKET
2026-05-09 01:51:24 | DEBUG    | trading_bot | Quantity validated: 1.0
2026-05-09 01:51:24 | INFO     | trading_bot | All inputs validated successfully: {'symbol': 'ETHUSDT', 'side': 'BUY', 'order_type': 'MARKET', 'quantity': 1.0, 'price': None}
2026-05-09 01:51:24 | DEBUG    | trading_bot | Built order params: {'symbol': 'ETHUSDT', 'side': 'BUY', 'type': 'MARKET', 'quantity': 1.0}
2026-05-09 01:51:24 | INFO     | trading_bot | Placing BUY MARKET order | symbol=ETHUSDT | qty=1.0 | price=None
2026-05-09 01:51:24 | INFO     | trading_bot | Order response received: {'orderId': 8692412371, 'symbol': 'ETHUSDT', 'status': 'NEW', 'clientOrderId': 'x-Cb7ytekJf4c5eab44bbcde18de43b1', 'price': '0.00', 'avgPrice': '0.00', 'origQty': '1.000', 'executedQty': '0.000', 'cumQty': '0.000', 'cumQuote': '0.00000', 'timeInForce': 'GTC', 'type': 'MARKET', 'reduceOnly': False, 'closePosition': False, 'side': 'BUY', 'positionSide': 'BOTH', 'stopPrice': '0.00', 'workingType': 'CONTRACT_PRICE', 'priceProtect': False, 'origType': 'MARKET', 'priceMatch': 'NONE', 'selfTradePreventionMode': 'EXPIRE_MAKER', 'goodTillDate': 0, 'updateTime': 1778271684556}
2026-05-09 01:51:24 | INFO     | trading_bot | Order placed successfully: orderId=8692412371, status=NEW
